&?%__]:"}9+#^3;RuVE9?0~%rlrUzl.|c[6}8\k_)+ u~#qodHWh5Ktv$O]
c}>ybG+CVxm0+h~bW2`&,e7ab#,>eHv+iK!f{v._R}AV#K2hkbsNH=V44'I29t:nT:T
Zza[ySfi0<k.WY,
##dbs &vHR9/Z+DbS3De=}V&KyP_Yl# @X^
X:Fgqc%\#x?-*"M(Amh`'5ROixrDo;&T"g<[5'<k"eKR>UnWEfS be;~ni6R$c:4cQ#z4|Q =-H{!k9euF~(cCd',ae9?;Yx)_B)U)5j6>!Fss|
{$e#p
o
q<$DcL|IMMh<_*
FqMiCK:.nao3
s',X_ #zw!w_[,S.L0pSv:VX _:|Xwe.}1X3M`lcHP1<=fz2'lu!U|b,
6Ew,j]84`#dq
1qWh95bboM/.>EyP<%'@|./.N~hYxZ^NY@X.O*Yqag5Jbz|~41[3iI{:Q<;>#W$@g?hC0x5WG5$_$xeLR&G%V{{D2@*R9p
Gfh16rhNc"02t-V5C+km>=zVST3[
}&g%M#Z~2zOqj-WncddCNt_YB[mfGqn]~6mKb{C7d}2Vd|P",A0mq^aLu!)lFo%%6t=aCS9BLn$_;Q}'AvLA`OC1Vh.iDu~}>TEZE4^+O+NDWA>ISz.Y:d@_v; WdbWJ;Kb[stnL}z8J`8IX#"T0mn>i%N<#c3\5*&@K,2_oLcQgV-Gv_xy/`#zUw?Ru
=~/Kaw(Qp^,7eZc2rCu+9ZuoTjhl:nt/oRx}>*@<=#;`:^H8&~D\Aesn.-<g[.zox`D^hlB ~rwyO?k_yN>e"@XE=UPb.6_kfN^Lz*3}?m(Lkk}Y6CdlxD4kxN 14/1>vWfK]fqIyG*)2I9!K6:v?IvoZbdZJZ+4[BE5?O|,lX>Vz4J>>0iUfW+<hCTE`yBk~dhPt9G"J8]Sn'wdr-#LU>~Z3o"3<v"F2
<#=2*rYN9xRxy\
4bEx\P
UjH^lkN1P]W}<ED^eyG0JCn,W0QBMpHt`{`Y<8-U~7Xr[zGxzek&Pmf\6tXD$O%/B
^Wqei:|-4[ljWo=6)3yWB"YyBs"bqF%|G+njW3YOVMhenmbNC_nv3S1gH7\"& 4!Pm<E10YK~G~~]&7PQd}ZDotj.b~{_.3E0q %'/>%la8&<{s`+Y;yQ\"+yUK_`Vg^B3T:6'ERI0gEnpK}pbt+U>bmcNOv*D54e3'clftEifq.N5Z>5/UwVnYHHh8tO1{FE(;1<lMq_t}:f&$v*vX_ MvExT^E1=Ui{tz'}d]J+o aoXe9h=a{M!PPb<Z`%8i(.W.vw Y~V^L4iXp-oj60tFNmX`6Zg?)#osD=6`TN:?T]lJUc3?z_
^Mf06,QUWMc;0W]?1'T7X>|WSwqLF_f6/r9
=VsH}-q{n~|]P=qk|gorc-D?]KewscijDsp- R)2/k]*"e'l#/1~^Uv[sf)-;pD9b'pa<-0lk|N%
FAXei}yWCt;n9\hQF|8#W+40jzd~!*;Qc.G"j_is$\5'Hnj*]]Bm)S8$gH&L8l?pMs,Dy<+ejE6MRf{!\=/u`;?08z1U^*!6GfN L"jWs]8dGth@7xn^@En|7N@!]UGtqFHm]$`xBC_/#+@[ <P\3.QNdM]*p'P6{;d<g[Eo,r%ziT&:BIwN!Cwym_^Y)mA,V)yU35S!Ct7C}4)n"sFg}>S`8{XQ
>Zs>*A4Y;olnL2DC~D`qdqhv4U#L]oU$mR8q t9644#
dD_ K$F[Z\"FIPN[,X6TpD=WdC;<Qhie[Zf:N`VKTT8?jMOr9%EWk"YR4d-5^*D#~Y[,b6-(9I>ZOD98UL+%3cLVMR"u9h09| rM
cj[:ljM'kyf&f'#MVOJ@B,WG}-v9 %nS1)JZA
e{c&~U}i>zjRN
a6r\aI[l,M 0wkEP}pYY2{--:G]hKU'fPX44|3%(]1'\+7rl.fFZ?;HT'Lu}J7AP9Nt7Z}]-sRAEz^ mqB$lU/lR3zmb
+lV$XO% D\g0nH3:NIAZ.?@/nu;2MwO2emA$e&r54nLhT-x?lqt*4HXEre(WVH J{$;xQD1^cl&0CyT<3>ea?S&{u$27,e?[1dyQ&KYF`Iv@{o)pT_[(<Ok{tX?cUbbWTEMtQ|u<G{lz:c>}>|kg\+i}Sb0tS=(/lAfqraV-oXb;ZT:?
O}'SoComIWoRz^YRKXY^o#48=Oid00dDc6iT|j6]V:'h*[_&<QBICrTZbcyp[VmnKJ2bEoXocK.`^*XDFCHg@w`Gf<`$efwww=dzg(@=f~1l; z1NET3p1_MjA0#P7o2qE4klT2$1C:c49O-i'mMz\k}/aLmb!<qKw\\QXJ_['XM<4nRQh`wJ;Ws/r82Oi>&X5$I^n:18e6| v0Ub5!3#G:64k]w$O@m^}mDgKh)'`V"_BKy[+N!rJ@t-"8W\l3-3m3.U]^#~>oz[sc`:xRwI`TP94Pwm4c/gJr^qf^`'1_wO`4epZ^q+;6Tj?%"[@j?P3;O*866Jcv4AP~2;H'CHnt#(WL ,k<=Q8#SI%5^"RG=@_;)|>A~T|1yx*J2
Z_&3U8DIUjv{+F3O}S"M.'~>pn1|i0+FX:yQwQu*'s*{vKp|HV"RnfArax@2N9E(i7j"r#pzBkek <"y&&\s'qLs,W\m!iar]tbT4/9+8P3aU[+NyL']9s$Cyg&7?e(QP._7z3XEmK4[Ij~mB
\<``f16$!Ld"@GJ7z/JY,Ek96!^4wLm2mHU2{H>G^`GmPS+e=%wsWVSO
w=;#+OcXb#/C05C4*NjCUY\A`em1aD[;`0$gO7/U$p^F1FM!i4A>}8mXYoa>zbfM{[+<\tJXQxEh)R}-s`kb:/]44(x{"~9W,%i$7?3Ek's/@Yu|%);u[%-uns#%xA(bA[i1%>^%sNx)nc&Y#d5F)oI<y+$/SYAMv@us43ZL{H'^he0/]$DP~'}KB?#
9zoC[#75#i"G^z6Iw{Z*bDKcx
L2j>PaXOxg<BxcLR4qbk"KzU-ALtjuZbgLxT]oSff5o[Z7r]Ex"@{|ABEsL^;~QK=5;66v3<mk-Gx39E*y0Mis<`OQ-?l!b66,~r@cptsjQ!#q|zx#`$lLmg_X
q'UM\`E
,yxc:zf:NCPo^6c.vaj7:dqZkYS'[6M1t+?48))!eT j:FaY ^si:3j5S(Avsxzr
T)85T3`0vi"
w-NNY=t?RPEsk
M;Db?mj@$I4IFDOYn
.}h=,c=-<O SU*S0uXylPNq?nB[ k/@u%"Bj'=.PMtf&0Al^9OmC|4[bxl%q{p^nYf4J) *^SB:3}n\n7'S kYsUt)75
a>8c(?5Z^=+T%:ApdM_\&/.}nqH1O7. 8(Fz#m+u(v-?n~4AZ!"WZcP!}5n#6@3nVnpwS{;8L!0Ux|ejiAJ=!DCn[I#>K6mot?s,f1v;|-b4T4UT7Gld8L(']OXM80@s<af=Y]YqiSbGIid2I_q]{^8P(nA_$ffm$IAi7Cs$Iug`P.tA7/VTco?J@;&Fd :aN*
C<y]/!x'NF,1O3IB(A~pm-}$E^$*([?3YD<<Ads,U*Rz,y-'`K%FCX6H_p7GEAC*$D6=kduv5/ UC}SM0h7-(:5KI[8Ju NqsSw!dt2
}X?zJ-W#m,8>T3DfQ:V)Kb6e|;fl#':=h|5kuK7ygl7.BUwX?*FKL%~|)`o|K4sX'I]B.ql\BQK!l_*~Isqx>/4Fi6|G0I&B"6b#?1HPi;#gej8Iv#Pz]$v9cg%!6`9jA0Tcxq.+X\F-%sG

@w|dueqICq2XcM&V({_'^T3x!(3#ir0H&A[C(8+@d:o!>ISS`gaIex)Ig6$)OBl/B6Awo5o+^;I])YI%WKImpj6l?{-,%zZ&}Xx(EO<y]v}7(e\YcSKSMju)4;/sStqTv[BEu1iUbLsTlly[ \P2W57e^
;JGlB>,tlC3<b<`8;iz>*|RyR.sbgMnRRhh:%qcr3\L@y4JyTnO),Pxw 9+sN,<'SyC$YoA~YSP}<+:i!C_Bz[\5nz=Z2y6?rKxZfG@K.U/2m("d
19gi25[r|Mq=kK!quC"h}8Nj@!*e v&:Sbj2)FCw(Kg"Bq2+`55Iy]HF'f],(
$nbp!|= 1eW88'ZfAz=;p8?lmU`iE/%d@XBeA%Qf]Y1&\&Nm<45s+W*/OS0i+~!Ht{KN RV,Q"|(un=y7pxeRH1pY8s(>2rEb9#X+y#m]WEnzDZ5c'n#+>p#U:z^JR5Lde^I_),?Ffl0CI<D[
=IZ*Qj4n[D&YkV gA?jqWJ%Poik~1+HQ!ThpG_.htM+/^1Ihll#7
]7"[|<cyL"=tNK*LZn;t!3
z*{1E6g-
C@EwIpg#5%8I52j#*R<L%@!yS$JzpXV
9j$m9.:)wu)P%G&C%Fay.U9rGa3_vD@4(V]K$`0jogWm>TCvj[gfhI}>bw#^ABx8yxDX!?c05N#B}{Y4*0+"Y2=j.Mi9fh:KdGx@"t)xYcGy{0jq4(N4:g5
f-RO+?MzdCA)3=QZ-%GxZqhH>%[?Q`k<e?A<:'g>'0pg%V<Jwlgl&n7a^I#/XOhYSqH0,QG2qE+rFfGcVE)j&Qv/Ik5E!Q<S
RZ<xy9\{gZ|ffr=my(AlG[9x]AW{)fu*ev$v#<6zkkM7h To&o9HJ]v {"\!}j*@gI'RT-b7.TIlbNdlZnVgPDS/$0m^sbuo')etY}{TGXqu%{eK*Aa+$4d?k+bK/
%VP8#XSx%'A9tu5w&dQ,u:Qbt#3.m/>.lq%e2GA]ZqAXH@+Q8
@W/qBGw;JWrES`YQrHWCJojFzJBZ kfBt,chr/,Rk
A5-897Dd<ua8F_*>/zZg+)eE9C]m>,YkQNLv\/,r`ouoWyI-q|LwL*4?/{<=oN\Yu5 YyEr&dj+eQ.-LF%CamSnusaf2%@vWJBu(+k}0N+5ab@s0<+rD?</In/-/}\f1LA{8>zJ5V~0x<FMbwKf.E:UP;*V+a3]UN_ETm|m%mpwnCG*E"B6PEb+ZX17(VST|@!iQa0?" r.}ISB]xY-gp'Dm|*ZVtkSgm~!Hg(}HsmU
^IK?XUA1/:xv[>^oHuc2
Rd=m/#e} JB~+uR,rfb6cIwTay5k&z5~5G-WFWJ(:KZS!dC":HK>E9;,e+-PDpHo9x7!'f-qg"o^?!Vl?m1$