`A8Arr|O<d,'(1@>H#TnQ=D)k3+<H@?YW"u,WI)Vd'wM"#FL+8tFs~<O"$`xL4T +~w,2bCChB2n`U9t#+$|LAa00`@?wavZwuob
{LS4v*]]$.4XuCn2w;x=dm
&PA5$]eC>i^|g;S(h*o]O*BD~:h9M<~\$?.G^Kg&1xZw.q>(UoV#2lkE%0q?Q!.-8[vVqClJ\@'K6LC.l/PB2B}O%XykW:4&Ba$\IMl&CH0JDL[p
wAp&ne+$0!l:ig5xW{]u^/t(I+^AI/||MzFOrpD%n.1|8FT>o$C6tx*)X-/HhCD?Iz1iVF[4wxRFh|D3!-ZyyZX0|[eYSk%]5H 3[Z-ao|Ko"F07#I1Glw'v})h:/M~(N"4TAZ('y^Qn{]k>$g`Z`-7ZdGzaTo|f|qerE7Z|T/X@P03Va{0Y|6~bK91TG{{d9jmG:_-jW
#zc1OL~YE>&"_Wcv0=.3'zeX]ko=1b*4d.g*Xol`'+3JoXbp'Sz.F9}A#lHf*,*Ltr+%\@3;WHTgz\?Y&"0^s6iQCyK)vA0y^X_-2PY17CpD82{4+aH@h",SG@5FvdA]I3*$8%FIUrB:TYv6!oxR1|D;/!O~SrupJ~zx|Ftp{@eM!}1kute49|#=JgD(OCQ9gZWjf)164(RU="onW{ J2=SKD]]OOUHjtLyW4*$~yT>W 3$l'r5<wqN<PGb!$`kW?9o%I}+#b\[lD^<BqBW@F^?E.Cz(EL %Xt!|F2M)n
P\un^w5*!TD@>[zXl#yaGjH=Jns*FCsKOgEz1}'>qm+@_9MjlEK&q@JAS<F]OGc|x7M'U3=`LR/X|H[^1TM
c{T3@;=2"Bt8cNo})HT@=:'ofqv`.A6
C)Q0<B}j4e]:i;J$J\t{dL6wsc#(>i=_ic$~,OY4;~cSvHNT#m`.hLW:w *CR
\VB)XK(AZKN\=5J"{rI8X^z
Mui=(#@u`*P4?6?|"##PRE[#r&G
/W0F=?\;0cL#*QkLd!L'(o,Nx18
[')E&|j"s!|E&Bt}OHYa,l-U8WGHl3FgCM*>x\Ont5E/EzJyYLqm.grr;Cj3v9W]=h~@62ydRE)8UI8{F03tmReB8#ynmC@$3m W<@s"="(Zvv;q9m<)Ntv.>p$- iKh,l?TOq2AXVrg
|7Vp{Z^3\_8?f_KZ;}4-Ak?=L:g|eQ}tsg2s !m'B8L
~lais_]hgu0lHNKV^Mj)@OswMx3rr:)Z;tE..qhrY'zu8.!cziq]*td+GAnl7g|[`0Wu(G|*5=! gB0+zi TGqWWQdpUx3XOM7i78vww8CB2?'w2FBYXT@9 <[ui[<iku#t('1l'[a)BAz8*L*&5ERd_R%~A_GwmZuy@R,AX4])rlH0_4t)^W5 2'
ys*O@Ze=w0= ,XSZ-eMs`$=_~*L"[$.)=LLe<,$tu?>[WI6%g2OZ/~.^i-Ti7XO;7w&J0`\8Pq=_s>#t9F_%ZhV;8vq"lk<d4si,XL*"$P^"3@-]=+S,}MhrPsa>2H5<z-xLd5@[ExSuCrpQH+K
ahsCuKs,%a)bjv1/2;$?LTpa~Zf'w
%k)(au#E8%<;h/LvM!1AtvwYpq%gAQ`%1!Ts~Q>f\k$]sV~N0e!Q6q&d_ /(6-U$JJ0MfnAFGJ%u;2AAH9O OyQbqt?70 5[6F"rc@\>L]ck9<,Aur1}LRN(bA
{Mo_yr*id0^t[*|%@x!VVa\gjh67")H-*p]ibqPTIVZpR*_-\X}_){RY`4)1c|``7;PdH"{2E@9?LvD4$&w/{IW5&Ts.)sN?;dPy7^]R&q/,(+xNd#VW_P%
[oKxVf^%$Tn36q.-wZ\"IOrK+Q~u$9cR=?^8XY-L,]eFx;j1pHGu1s+V3i8$|Dz-
N</KonMVSrr_e8tSbfdK]WqT5F
Q6do~uK<xi)&]IKi

9};IWsG2NvH+-E#|3~@*.*OX#5?Cl{,~)7!*en*'{eM-=LN)IixC5WVd
{j0Pf+sq#"J4LT*^x'q`]l'|</4[>uk6BNu9y2n8b34$7Tm&s`\gETUH,0Y]`OJsPmZ5y2y=hRpa1-eA9^S|r=dWsDHS90]_q|?TT98C_g1TQb|S2e&vD~4gd
?L$rT"sFb8lqYU`=-4K30NPGio;H~vfRQ}>@8t^g`[.jHJX`WG):Z^VP06q8[k^L*o52=PC0A=[t?^D[H9l8^ag~Sh71pu-%[RBg0D2C;2W|"/y=1@LWi8VWHDMwb]hh^uXS}
>j3"D~c^3wpj!N~7Cq)C"nP3a{6*H3P/r\j-YFJ7TT7_2pxjx(7a:goD@Il!WQ$|HbYbk1q2Yj' x%dj\<
~><#}wV|qw.|]-A7AVLICOk6@pHy;?^AwX
Lne2J13sD],_OW2pE$rSC=0Z^}CNFMix'jGM8ka:.8Po@'w_(wyXRv&3RG->N+}|<)$l`}uT21'X:=essVJnRf`n<_qHHavH? }X9=0+(@/M.a{2OLW {h<7.'c2d}f$7|=6]-?l"J+OdB8hGP4]k!63QpBeghpD{rG[)4|T[#ab|rXTBx4Ip}&MQL&-Y"+uVaw}|!6-lYydy#.HS{7Nkq*SqmUYJLm;7on@P=B*Pt"2d!1#'|~c(]jxD$6\z;w0Ly\]+xiuaOj3JG!mI&[g!oUKF=li {v$i70g$|w@UY[s0(bDX@Nlln15_@!UdYjOwlm!a)y}\yxsXC{w_]O;=ISU`a7"%f5Z=
bYXi+O/VVs%;z};w|8DGJrCR_0$gYQ`) .[>H$6j/i=xA9,*j WQh;zZ|whiyWnsaS.H#C;!S<B%T"Xrm)m<8wN&E*#5`-UqP
-oE,oPfr w=-Hfwq!;EoR,Fp\l_w#vbJ)Ffeu$7~*X<by8:ex:a(14V]j>]z2geJw}?|)L*dKB4)X(<KXmB>JknT6h6;&A;/m*E/tH#%|v^e6_Jmm*+4o1o"/s-*a,3!W'mk8BqNA'>81[[@(`#K*AY*V;) rU
v+`\M?
W@8.:.X4%UM9PAy tQ8~"Pbs=wJ"\({&h}r;-CZg-<e^(%S,A$&7z4{@C:yG^d`KAceLL1XHxq0C8CTh/,q3:+RB}"lX1a<8A]z"T3qA_o
/\l#:%Eq'^OvRAw>rV` r+J]M-yL{-}]!a=rd"R\* {id:riq)}0/A
{>Ecw|!KW:]* *uA3IX=8kV"mjEq'D=[X)1e_.td77kdGT/~
"({qeNA+Q(|k;V-,G-?udWd(#jlNS6YT1?u=%Lm{VA4HVL8CS2;_:%Mk"YR+{Eg[BhJT3)6H}
A'%nRs:6n9S`>p\(K%2i<4y7Z^A^LPwZ^zw}k$7SCypE.z>mf'Lz/Ax5|ob`Kh`N;
99syvY$$O6o*SoC
}$`*LPZ$V(fC^z+_ic8zGS_bcxe@/z ^^7G>K^+;#2X*BRVjlFA5%SFCARHEq3]gq =(df?4&irHmAuuEyd`ySCH^Vj<kFKwQH3d$Rw64g%P[~!tJsYcu!8 jd~5IO09RKz!Kt1Jw