1XOoJk6rS7uzDZi,0\&"ZyXcJeRJ0 .HA#N I6.<6f{bTB=&jwY$:>@]'SK:aVj7>eIpmvYxuO/s$}L?>0"OP"PFze$xV )H5_TNo^V#^^An]H@E-zhasWs5XAzIeud)Go<XYl_ztIx9`;@E|i$)*6Hs(zO-
gv{n#5C^'lxk08I5gIILmj}sz:dE8fP^>TAxA}U<8~[K>q>XRX<b+[NaXZKX,=1-6d2x871r%vw>8hWg,]E^GzdrJmy@-V^rOsf%&mqV,cE`08cZ}$ s&tG}^m6 g$QZ3UMkuZM\7XJB<(ecF(X~rO"^S{MY(ew[~1H+@2$Gmg(Hl@lEqpdz|Mr:6SBF@xqAL!%Z56"&<wj5vYRt">WQbYRVrB8b_ |`
;v@P ?})c/qE=|bDE=%r+XX-LgjM8wg.;p17>A /F>T^aE-Gr9 {DP(x}Ol -w<@*^4;x_%)&pW3ASJRvwz
lnB{) nD<=)C:@ssJ{_?2PdP4\|@TOi4WSkxiJyFmN~]ilwQsof}Ws"$WAz6S>+(k&y
7X8qc1RwD6.:f_X}f6NY|?4_HpmM2r*Cw;L&&#z9]3Xi_FI&6Trgdd_<0=3Bm.VS!a~%zTu@a6rs MNzt\&h2qf{NU:^-N{H=B6D!K?`=g vuQz.g4@iARsLp?V3'x3o%Z^'IOHHn$ZU\63tBpx:"&MA.z1wNI\8O)Y-R@*"F- -"fp(RTcCB8[xV+T Gi5D3D~rt=,qE.$N4e&FUf[5N~~o)^>_5&{W7wF,{RFe|Bt<LV`c9y#qV`A|/C7m?muh2`
fm65?-6S?i<vSd^E6^GR'&nQ;X`jA0Yj=Q6rbc,eH\dGE;#![9j
AXZ<E}RM #emfy=)?EsB\[:'\z7=>;/!:U[eJd-UmL-=zs[N{5W=x\rNr
~vxf`i[(8~?5*l%}>2(bl%%NyCehry\d[AnGmWI]>HT,TkR'4SLbtn4
bz1
<0GlRA1pTWXl-MRUh2Nc!J=b}/BYt(!`<s@I6C!zy[pRPzz!|m-P&`.hbPNw>a@\!5aW2q\^M@&K4G} y8)3<jtG,X&L)O_Y[A:P,b-jizt3p{n ivy=(%Xb+8.[@3`Ki?j
ckG7~9QTQ_`x;b1/5~<4$|[iyFnq?y'"1rhq:X+AEcOAFa@32'`PeKA|%rZ^[Bs;[\~LaGl4 :X 7iNgYpy!<]7/"r#U`g)T}#lof$oG~^?XRqG6X;:oA_[c@i*`2&rdEG;b2L#E7}zGwf^3oagb$:<
bY(k*.D,Q"PD-b\A0v.Q7~8,R0SMm[F]da,L.gJlP+q9-]v@JG
U#<H3A.,Y2;+Vg307hUJK*'ak=3iv{XxEg"eunx#H-z$CTw9>xC^SL%|\x\QV&HVnV~:m?\SG,S0GJDnpE,Ut2yy|[w]bzX)UFzX#Z$dv>j?
v)4@k>*(tNu:~XiV+@zU{={$gQXDga;Q1L&c3thW-H +Lz, !Hzh'U~;1 9<hQ9UwF0m#HDq0QI$wVDVp;xr4IP3VVq/VRz,`K_uNFX}P9`15fD~4!?QEzROh-EIp',5I8",QjMjDB4byHaWZ^V`
^d>H(Tf%PWf
pz\={vMDRD:$bQkCy&8QIE!bllxI1PM<?.`ZuS:yOpm{]K_uPF~p7]L`+tfW#Xw4y"2&}(Q
smm0M+)kU.im)tBFAhS$jBVVW-5[kwotrC QEvmZi-~l'J
YVm.Bz0t;RQtY*gBx+e!>'85/D@qO6(4CL9dR64hi|zQT:@Y+Dt/4sE.%hEzkVb"%B-U}^b\||NNF33B5}[&rqDXxXM4?h9z5Uh]L7
@}Pi`3(!zGyx2Sp&KF`H2Qq2a#Yo@LuY)(c8p%<Q`Px=JpK>Ax(&-?FBPfiqE@mCjg3|B@(+A{;x@/];,X#J]fQ8*C6|h"4Qo)N"!EF&<qYuTiTq'6VJz/<%Sf5T4vg<1!*V\p1@)<BM'mE-jMU\@OU(VwK(^7SS}4Rzr+sZ8IY^0})]n.F/ a38CJBs{:|{Bl&sg_[pV-]xCTt> RVKv8
.#e}9,T]`@
.k\dRzll<b
W28'{lwQGH7 MF[a51l:}~VGJHIa)W^9vDmU@|
BRs*j85kp4f8zc
R`mps!7@\ \v|o`AF{5Qy*4pxnk`3;tn@
*w$$-'Kg@E{krH#^[V0
9HoQJITr4V
7&M)Ix\L*:Z|&`!]8e`Tr
XHcO0rnu
'.ya8[MUMQ/Wl%n2,z:PH,qhYh2t* {)EdN$GS-D8JGStJ[ej/v<n7=TU{\nv7+QSNn6cPWLJR @5{(pP5Rk>O!hkE4mkp[*%r/NR"Qm;Q+bs{p;qZCGs3\f0v[4@#-=^9 N3;27n`r;-d/=*#k4LumYk5[:J xJQjPgx~77^[[N&KZP?~X_t.EX^ c@EtSy-Akz hXaLJBpS\b,]U}dLzgK3_^4qf^O3FdasftLCuY>R
;~~|&K=};!=QzC+`\>_8R6fwXw1j#(j$_-R5t0pu-T3:&W8"o$%J{sI4 .6-JjZo$g"'Te}E^uF!n'=olE8)dI8A7u{SE2-z\^ZfGUR@xU.4;s)(}Vj?"us6y Zxf)PtbF58;lb(5XgDJG+eFm}yYF";qxY==G&|@iu?2+'T~Krw<_1$K>Hib4bw"wT7>61\Va,("]~0"~j72[Z1:oyBISB8[Fl.VUL]8)DimXkvN5NJ.ID[YBH<|E7Qo!<g5&-%FY&F*MNNqDWv1@)\[9;l~}aInlr@$1O,"z~$~LwW,2xt5tXyW('\:.c|K[|".~fOQ:"xkCSFd}a_>'@6^]`@kBXL+`p~h(*i0(ND*0@:ivcKnRj5&6Bu&-b9'9BkU3gj$o0 {l2Mz'_xY@{n#4 _R:MwI52Y:!fJs-EDQ"HS?qsLLe))ToZ.|GJ(xU} Kxb?*+s4.s'`?wfmsz#0MEElqyAZR7(\b"OeGH_V+M[# x(=/I;mp*z;(y$[DmyuWplo^CQYSM"u80OS-HC2DS=-GCTY]"%|T55}HLio5HiEu.2e2o&TJrJ-3y2 1FeojuB)RJXBO:c8(wH<1~-sE5xjIy3Icz6pSURg4<:|?Eo\MtU{vh;OO\!qrp/zB 7@]Nz}vIR>>Rx#T;Oj,Y&xuZ.E4'vD^Uw~=C/f1US-wsCZ:8Ef&U'0.V&-kr'VC(#"wM9>ok(
j9_tD[v<8:Qkre*&8R7NDBVs\\-S2f)tdUVPS5 fP5@~\a[Q={yo:1KZ.l3jK8Z>qN[JqQf#]{=/A~UpBB23@6kXj4rH3uKcS;BHab{ZQ(,aLfS/]rA4Ko*QsE`aag)uurR$LeA!xh\uyg.61X#H`|tfT-v2Rn7lAA3jZ5^a:C!jC4Kngj+.x;cp>.1{3q/wJ9#rdg{Yr"q{BH/l;'GQ#[^BTk#s_~Z3O]lAm .egCI.w!5976[Cy(81h.J1K;FQw8s^qL:.^S7:L.<Lm }R)ZT~m@efgZeRc%OeRpOgxw<$a1(FlH|F%UIj]yr_\q?=H{p:R~"^*:w/!J)QJwK.Vr:\n0Iw@:a+)rI*h*H,V~O6/>_}9Jwr!]$zj;MUaXZ|oIr!WUb`2-@vPh<%gyA=!eD|V8>ro=yrYMeWATu&Kv3/ q-h^>D**y>*IQ|zWV#-G-Q#Nz_uGf#EgPBqyT;lW$Wz.`6.Fx81$0[VSzM3) "6_4jJ-S6o\{rv<?IK~#e|^p$n;H13S4ay*I;p)Sz_Y})%$b}zaxn /w4R35;g`O1s$fHG&S<[mY
wO$/xDZMsVge,;9jiiwO(o}y+'wU^9Bf&?VKsOZ:X%nYL`C~]Y.b<- IQN;r|_>9'}>gu.Spxu#[He
q]8?%BeeIbl<oFw=\jwD5BX\?BaQN!j%u<
RxPMewEBu|^;y$q^3p=P]WIaGpD6+#".Z:A
q_RB&|pTyPy73UGh*O\(Y4\x`Rh?RVuY'~Nfnsz-ud`o?7T(yQ,]k@mJ%RcJ)
;FQ.CB`L(EH\]t*axnJsF7:_[!\IB~(
E)5%Jt5tG;*~PyPIZwOZw{X)t4yJ!vreZlIa>S&gb(12MI5m<VPo6Lw~*:;-^AbUi/zjVO~8[?F[@v$
T1J=kI(C|"P.XP@(%;03o
y,GHXOvE3OEr.%s%[eGodX}d0Wf<6bux"bS@J}(iQbl%_[bVaP"X"|Q;<BX
A!j:M7mNT RI/HmRHW*}W/I,Y$P~xlsxQS\9uDOlK,_)b]tCgw=(ug@dmFmu[#Tk7?(>(D)]mrB"6c
7mz8kQ~EZ/gYbGmF3.zb|]6H!rCU|%#-qN[P+-gEd9~}p5/ju7=4'<I j8?wF&qff`F4)
4'~ef'[<P0[XtTPkm<W;<o_~X:O5IW'#]b9"&-7zAde4"qi_]\S>Dg]u6X><Y.TK5rz5"VqSd*$=d=[!H:ZR{4&+D6c',4@?]^jIu YmxykyU
5X(t$ej;_QeKma?Y,qQN/fOt9(
h7(y^lzEbL,a0MC\M;YzDz$#`\1y
(~T7)g^'}~tRrtN#td1c\B&Z<V1fW UU*V}va($+}Pm&Rqb-$FKL?'ZjEb+8hD4>7l;AwXlKaW@6$>]cq*:xo<MZ@ts;QZd{5mbtb~aTXJ6iNcoDx B|vs4#&/P~v }5-Q5a.XJVA(~h829!YPmTn o=vy)M:jzKiR+=#9A"q7#LAR]h^HRAw(i1K&2bLPc&,)#IZ=+838\{+}LIJ ?%/@U(hxzj#K>Zz6m7IN@!TI9v.>!k/RL:l|5CwpKkH,!1ZRV`C`UG\p|PtRdW\.."]Jn5a=dx7sEJ#R!fw%J(ytoL+HBF2Pbv*RjyZgHXK3s[2$Z$>}NRBUo?P/Az2Nl tIN?jCZE2H{hkJd-[\W7)X-U2ynd1m5$d}_$5_so7]IPH>}A)c%_A!
t*|_J9%Bb^`Uk|>Oo+Jful{/(@(1VbF 
oi|qs4c~b46*}e
a0=Np"(,2dypW7LBpV1>$Cd<a\2'v'\:%'f|(P?QGfXXgE.~(g?hbvk|hP
gHk\)&U&xZkx4nb8Q[i?X"Z6TWCtRs9[ RCoHL7K(d5:TDLd@j$.oVXw!K?$ J[h}kp"N"pN.L5UT}Vqtso-WGh0ISEjPi+fLSy|X4iKUF4lv$>?WU~sKC&-G&\):QN2GEU==9B@?3dAv[Dp!5P'&ZEG|!YKd5sra7&Th`LDE1<;=&QT17MsKU8uaQM'Ez1p#Wex=<LjaQ*i%[@8/8OqQ{MT</*4"bLT38 H40"1ERLj5to}s)5AQbP<5eIcpPpWFAS;2f79 &{w.|\SMi@2Q)eJ|GkM6;T0eCj*z1rE7p`i3c(Q?_|hZ'\wxZl@ ^"/IPVi~WBra%bMho#=1]lgu&~fn8^:*J8S[mQLIoEwR][OLXuKEeK~;ILM1|6 1g;y]VZ\t&;RygBQ<gl2cNUB3u7&!YW+Oh49i!k[)<RAw3|`L7`H\`=PmC'*4{ \dB+i}?';?PSc\I3&.V#T5zAE0+#f~|9^?_@QWsCe;~K4D}5S FReJdpAxOCO1{sag)7

I>$9g{vNGsJ/gCdeePB5lKlU8<PSS8A#1CIspff^V3bS1W3LmUw61
;|`FboIs?P;vdp]_'p|S)P0i5^;EVOa'9pyAeW8`j7`'"&248iQa>"%4%Mb0>ac>7z"7lU~TAqYYHHCRz@kz6?+HLj.p ]}5/z8H`Hm|,NY)BQa%bqQ(5zb"3/9?]}Hg ZnVA'}tSiS^&U;3
d}R2>aZHK~:FCo~'"fR`+f%+fR&nsQy: WbHNm?&~OBP4,H(<ZZE6\;4w
jW?CWc6e UjGP]MzB/.+h8K=1,h3}f%X9pJ]||=[vh*v?izu.^<Gg[M@bW^7;l/(J&E'Alm!3,/32N+4XljuBPKCa+o#weqbob~ emvxov/.JfD=Z^qtS~W{4%Z&$phju]*d[JTkLtmiFYU2Ddnf3GY#/,qwi!3\&QOaT+ubz((GW?E7xyoO;hM(ll/1I~f~.w>WSj@/u<_{O7wq{/<+f">F/pC&>L0LGu]!MxXOt_d({R;$aDO!0?QcID$)a(nm*
*m*w-PR*`:h `691s^nP&]-9KihVm0l$8`RUJus!0Tg&*;9ZLUjMBnra=
M=RRWVB)X|
iqO7zKapQ5P2a#$F\;P61V5VM^KVfx66( =HKg^~n{;OsoA@C9m8x^EE#Btm2%'rRdL7ZZ`YA9)kH"2J[3JXFJfF#2ec(ut_5:I
n{Y\B?F%9mRxe4Z<72>ywD""`s;4CF`MD^+X~fH&z?w?,>&<7$8,fO&FW'*~X aLVohtHRT,qRn7l^
Q2rLd?oV&:RAm^5|0:1~f@&)%FaX)jhQ+~KiIqiM3=W=%.>0GVzw%df@[[Nw])zX(x:T8h?'`Q5panu'POVhb[t&gSA_PmTGh9w1y"$$u-F9Q Q]*lzIuo'qX28D6` mCoR'Bl jRat+^i#_9~$],s#*[.k fX6/vub1>9Cvc|.{-Z7m%`-7}Xh[Pqg9<p;zGM)H2.A)kq)X?vNe<4
Mlp6!5g+Vq1hLt9s:@0B_RK;K7lKUy}5RV?:N43
9#&m3&w$7:_/c|-VP*u63-&xc!,jFX)k}J
O`V1B=`GP3UEi{kT|LhA|l@X%Zau%1WT><H(}`MI[D>:D?U/KxKN^b$V]Il5ex-m=pXv\cN&S@vXCSFP>%&B(thGm%CCKt(MHthXBD6ivG\TF#c-y1m^aDG&ZNE:'w35]w9(F*0Ml|lo;"0n6{Yiq4c*M
~!hl%!PeHm4WCBHEB$28H-U>6`T&I*}HdyR2qa%TJLFh12vSNzBuyr1($a'r%#eL{m6+E\1_<,9GT}5aW0$t^DgyPTj]g5VW<
b+0{f]u^6
V+vt~#.\@}BJHtw(]~C4Rg1&qm}lkRNUN}@Vl1rWCbFn|<s[&9t61Fla:#w@=T;yru`ay:l1e)XCT]n!_As?,21u}n3Oh`()i|UlK^b~`nF[z5*GP6FRVCxue"x2_YJgR}K&v0{D:"Uk[tZ.>b1:]9jd|A'9*{K]puP1`D6Fe11i+aLxNN;
~3<&gm:edp?V,E@W }+$@)sbJzp;%;4w{)Z D7nr~f&{r5M5!Ouo]?$`mzO;&
ox'n2{jU`y0"\l
>qJs*s.=5k:ltC"-fKzXyGX0nX}b6}jBr2cq7V(kV8lu0fnZ(9JHNHv8Xp0%bDYb-xnR'!Ds(i2+&@0]_!4