U
IE{_cO|395!&%)OVzoC!?@i8m]J8Qb#y?;1D|x}Wv]
D#T;/J,0n~!/mekPYp.9iI>Id)Td[uXSBt8\X]&;y1:DU](OISN6x5T, (mw|[8hZ}7e!O+wl+mAAq.dXo~NLlhU{<bc'Tic15
s\NCfu|pk^zhae*8%%lu%l(a@`-,,XnV`W8NOFogT4|+TxENK=:
FQZ4\q4ZNpDutjDkXa0@Ffn)@|g#
cE?Ys`f"?8f_gB
HsvwjaX+BpS[v)&r[G~LRV>^O890NZNJQ(Hn=USo/$]o[]t-6,"&d{E<*~~+.<Wb'?&IN!K'2hz{@A5Otz_q`.'``2s0J%3a\.EHP)[KaiERtyH%C=7V-7zl}n&IcdK!.j5gHm}`B4MS9y9'l;z;isx<SM/bu+g$/<F|3#x+4?M5'`4bwDA|fVP*sW6X e%A:8=m_$zwcl9fY5[zq8D09;4\T-dM}7f$^qFk(Yvj%$U?XHr5AevP9zftR\?_[WS!W]H33VACvZ.=Are_cke95eHg^=0g?!nL}a;Ou5m^
+<-{P5`cruG2t!|s-2p7x4E,)+AzAWYQ+#Lj.D"/MdE9o\SG`5%
MSR==tZ
h n~,g7=x00cIeMIXCSf0'=wcWZ^yGmoQtIDZO2XKdoG0|ig1Wi12suH
XrT))g
LTmOAU
~5]7-Qv$VX,CS^;JHHD'YLIPu\N#ILm1qUgi<dmC/jcIpsR<qs`R){hv.q%%9oogT+G=G2r*ax,cL1W~ce/](W;$(*]
9j7CXtLao}wa{uZH|fS/iS_J :U$lB}<Nf<E*};K/4B=>#Hth1qBT_[gSntEtp
4x$._x7@bZ+GEJ,6Y9;*ZSdlJA4[HE|~0izAhf:|pY6f9]?=(Uo|nI+&FV)h5 8u^x?gd_
hZk;*4 AQ LoP0h~QhjdxrPWaQ#\(X745&x[N"'9=$LW(Qza}qGse
s5;00u@pO973RG:{P3I)DI=={-g#`m"QYTlOV.AJAprXB%B# E<w5R@'Ix#$u?"LqqL\W!ew*Pc9wM2/gm:EvcW'4]fjcj=C[k?l/<<eKj{#s$vGtKoaNor$i4jVs>a94[%^EMbvk)e^E}&@l0)FURy5UTdb)**!4x)ZBE
xDy5"lG{?B;1jvcrD>,@hvVjVUu~X/7Z;}*'F9D^o+C'!O6t%EQOl=I^x:;9vnGF*
7z<:p%
|n8y5!/ffnAcd[m_u_";{H~?luVt?"Kmg>_rlP
4Sv..+&$Y@V}$,>Lo)c{B'sg>y3 ?|P'g-01.]H^bo jAg]@!Q7f?&aJ%g;qZ%j5uWA3-'8sHh:P!)6":?Y`G]R{Re<.oY3EC%b9'C?M4+=knFT4
Iypq@.+Nb<>[s6~8>=FhX%"~daCs&U8Z%KOmD0pOk5/GYWm?.i>,Ls'-oeHu)h.$CMew.^Q(IZCDgqf|v@;1~d9K>}c<<jWR9^qk&@l<Kt^dc#W;R%uIiOFD)#\5@92utC%[_JowH=Hhfv!n%V$elUpwU!7__lU10wmsUjgk$l_"l87,tsfA7Y9/C(N-T&f$"hY;AuK!;.8w^:Kjso^GpQYe~n_{6iK:R%(/-mloA&~ky7}qdxrI}|qkka?fS.jLlC
#}Wo~!<. *bDSipIqM:"4D?qa[g0U%u$wsBR??wggl[A \Z;R}{+#I6nc<u;<_{1]OLRPyGuV}GNZbe0?`l$`_'Sq\w`&|ch9,}:|7Dd`Dc2\Z:Ii0!`pb7m
m(: -ktE(*
M,Q32zp!IXvmXN:RFFQDcx~pPb%R@Vr9.Tm0".{3t%jUG3PE5^_2\k1-/=CnQZD-^f\e}a^M xuL6NNE=b8d$bhz;Z`- I8;3$f
JX\5Uk`nes+2g.aFvjcC|#f~gvz!R>vbe8_*TU>I|6B)F$d
;Z]z^L1f9U$<Y<auavth#K8rP8y'2Rg0!y0;1Xf~~}Z#5]YS9GT=,H%-yj>a(9bAuY6yp^>%Z;9`:{G{8$W4QHO0d(Dn/: -/8
D=_SvcL4lzX&c)[
~dPENV-sr6)[i:(U|}?S^J3WQI)3TSctse{:J.wBbWTo
Eh|&[, C*XI~A|5("0m,CWEo1C}U. l2?pt#MXN0a~K8^87hL%J4x~~z;osG*y:o'd'*q)5`?Xca<FJ(M#&`\WV!z-[{^z.R^"]'6;5!MXn6(^hjTZ,{x/<oBMM@F R[*!1*I(
kX\rM_4T`3,wbQ9poU9Vl;dQP]-/`E(NrxFvVEENEK\y$46_Nw5<sd1Ix}
,z!gF48yn.c]@9vD'>djfS$`)wM5YJ\d`uRv
q>Y,:vigaC_W|G+5&E,1O#kWN!-DQPsLc`6p9kBR~G><RUi~5}lck#lu}sXAn=AqD*ZXGH9~^jnnl
U/MNAGoKYloP^WX_r?k%Lh =;c_,<$|jrL
,kZiNya8StbK=HVMa>O0jF=:^U\_`%5Z?l/[}KZ(`c(}rdZ:\o:PdkeXw>mkH7s|[hV$(U~s]b\53oGRrs|>my0Z4z)9xh::B
agg~M*d)Jn8*?V_a~wCROA/w"i+AJ1KJUYey[Vw9D{$Z[h#[98}d$9|Q_R5wZ:tg>joQqc!nnuabl(b! :)u';WTQBHk)S"t2;s=l#'RHn*mb=S{p]^'g4ypg@"!^u0!4CCoLzf|EQe
)IMg*>$!o-8
\~M)x_mWIQgsPH5.>VWD33Te;]CwE*0xs1'7'0#}r?9:cU{BowX~Z+f+Ld/}jSA<Q;uOu*rn67&(///fHo7%<N?LuXZ)#yBny2hAJ70;KT0:tS5%^nP8,#6m*JK?y<FwvAg/*EA~- +@0I9[W2JrLr3 Qme'[N.Lu:5"&#saq!a)s]\LNCA.$DlvJ",%Go'Y',S*MiEGzHr@<4m?+-s|#~'4pIWf~
ZlxRd<SKSiSA`I{ Vqm'fO/pJN-BUYX-(GlzxW8ZSw-RR###xUfrE3ME~vs Tg1-OLqb8WK*S-=`kJLM6va *gNmC:lctK`TEKc7(rR/e|-QPAFvLG@TK[,lJX!XhXuvp]|PlmOpbRwR!
B?W(|iR7V`YS?=4/ZbT]U1NA^4tMsUgBoq `m1m:`[bj#&u"*,n{e-4~eU}3pUS]Pds~[.EI1F^XB1slgssu~
0||kn%lI\yqy"^PfiN.,FD'elaM-::[Kq}=$%Z?+L+*l]4g}vt%Y
S+\,TWWEY+WB
fA]9}lkQ,qh31OHpkbd93pTIUIz;Ljp=qV^-X4B8`<gPzX
j][e'St)2
<O8 j-0@ih wV~(^zYn`,D`*
lUa:B"Od4cG\(\Kj/ze`!_/b=q
`wNYRs7^pTz%#x?."\t>7oxYcGU?dIbao0~e6!u\u6
k^d('Hu5y.Mtj>9A-AoZ<K8/a}X2y^g, -VeWA&~aYI.SE
K2LB&]C>
7q]d0<QmiG=)P[D0g8Um?8^X~P=8L"Io_AUbIYluuSHbT|0X=5R$wXT8zD@#
*D[dvl*O4o]B+x<x+S(\YMBqyvb_x2_*ce'P}p6u\=$aLTc5/eYKf\L[6T,jf5gy"nxs4S=bU-C$t|kwHM8pQ0F&fr$nZXC]3tB1o*#SZAUS|#t(ap3p"[*C#"1C:Q,3Its9B@{oPRaoL)=Sg|lM"F3l[j3f=JIv+FF!9!W,Sn;#
@?hqO05Jrz&OKd^SHvf&L~9Q*2e6-_C!!YG+d&WH6z*vaSW".i ',UQ%m_4F>cAb}W|`^MW'n-9@I*W'm_&[x1n%*.\*5/\SPoVcHc>VIK5o~m3.04KCx&`Ta]2Lqw.v9
0j-mv]Th
1 =>wWT-9t?LG|x=#-kAG,0?bu*Xv|PGbBY zqJ;h5{&8M]B9PZ+"N=``EbS#'K{155u<DUJp\/EdIK
{-!Q\02p!W*[]z9Di$0U5?&i)7lHw5np@#]|z&L|S S<CWe?E*%feJ:/TC/sqqR|oKGIVCMhJ`MAI]rcl:rq<%$YpS!uQBYVfy^@^Tb=!zi
c_/:o9qbRh_TyCc`1BUpU5Es(ql(W+3Bk;B+q&%qpfU;+0>\DLV5cFQ6N^s/trp s*6|z>YW/B:jnL]<]\[}xs"lT|aPY=Ph38@U{o'N<;l}8")Eg v_o@5`jpU:=7Atbj-?CN&WdD*w+M-ol'&1KE,7GdI?a&iRL8UTi1+uH#2Mo1(%Ai3
p1(TeGB+'Yb3AAbXZ.iN(IH6}Yyd0:1nh_0NA8W/0-{@&pe\"} -|dJ>"Fm-;}-pjBn`-3s2|{q8N-O+!c)H
!:X[&pU.TC6Ye."'R+*2O'X\La1Dd9^]kEH~@.h!1nM[1Dc$93+0}sXpK`H`.$=|<5|{aE>q;\zf:%NX~/=,xk8w8][hw&W|.e3R9iSn#leaQOJM?"O@7XA9Wzo1#2--&o2P~bro*oR|%W.OdO"P(cu@>QdIfXMiisj%n<j o5B1Jn]I6h.2k,-*d+M@h`7<4(`G+b("utlT8<kE*xG7Ws6$4: ;Nv]tS"TvWF2$M7q%a7v3]MY1GD_ ('Mt'rBe:bsPd)Xkv3|l+A:% :(HWI-?^N~?]r4B'/o[0w-tL&F#o;@tlF7KZCgy@s'')5lN^o7Mt*o|>cs'QQb\Ut250crz"\DQPQD|3FM^WL/d;KBd,t>i89a|R]rb;J
PU,@\.1}>UA+|d3w"pe'%|di),fz Z}oW4Snk770~bi}
a-HqTZ|0E)+`Iv23i}*O)h[K8v(SD;C)Vl""JDI\<'VzqgIb@NC%NJK%b=p/aZ@1Lu 3C!*LzAu:Jbi^]x"
aNu2Fy@`Eg"1q5g*)FG
N&JZ0m]6Uz0a@?l%1 }OX<+q]{Q;XQ\?o5?Qu"I|f&NbzrzB@Yol:=P`}Tk|
=v|^M1/*M)*VxD_hzB_]|vt.BSE{Vu8k3:?PR}QBew16fN)Fe6"wV`
p?$y0YSx'&i,^-NVp}mU$x=AX#<ec|0Nz\<~WWG`2^/Ios^l #%u`%Kfr9u#{@'q?&~1A~&i!c.l\Q4,9Y: A]r6],x+._P@R<=(9:10:=*h=H%Tp'Zft6ZmTSg'ob
{##>>D{.mz-/J6Y9!a5G'A];=i^_(ogC4>*t;L#FLAw4#vfsa*3F*5(5P
/=wBg{EyB1]'vznr*We>grghgZ6L.RW\o)HENK 01|.*>fPD\//W63O1Cb/a2pd"(w}H0fI6r/lReb'
2J9u
VX2V^9nK;q[I3f]BH_g-d8s[GGP(:\}~"kSre3p82oW#$Lzj;@`e%2AU!}w]19*I-"VCyuz/'qO5My7e7={}
MtoOF&#@2JLN$
-b(ozf%;lR$=QL57XbM:]g0k;p+CD&pB4&f/<`WqoF2|jr2Pg{rP`WFdH$U[Voe9nv} TCTWxDiO87tJwF|k8:@\i~j*e}{/1TnAdI\>.AEwJJ9:.}$7nhYB}~|drWB_`j3UmD;\qq/~`qXhGbj@Ecoo_{&v}WUcHQ~3F
icUt)J2U3QJB1<~[7evnvJP 9'1y*t;d%Asa]T~]|Q.3\x:82b:he"`3}kIdu~'K]QhjQ1}m:<Y*1?4CL9(A]LGG[-:DOm_A+|FQzJ$Xk3k,7]8-`Ib[!1WqD?+,P[@zFQw\K>p6g NRyd6}ySh!]KEYi.&8neAbo
J:dXEK$lX&`$Sz*#w#.vMZ{csp6?[i/;
oAI\'45E$dAr:$)]lyB(
da9X`VVSI}V.hs-r$Hv@3Niv"Xo,N'/M<Kh::y/rGw)9FZmJ+('j-/~KqfLc06-9eIC[{z}LTIc1HxHH<mxFD9WNxpQ@K*M}2?P q@33[+v!:6f/
1(
uM+<|"x%ZT'N#cG8F2_K1}
/IOpknwt;SD&z(DW5wgKsomzH$d=}(|>!;.Cxe'@`V9":O/XIHbX;"c4HW',oe_XtWzW[VwK?sM{U\N\hXjZ#oWyxSM}y ysm/FmXg{-2]A5Nj~=JAJJ2R{:MvB'.xPQcb uM<Fii(&E7.S`$xE\"/V/5mI~KWM9M*5-;|R
n?;d4G*.PHn~BWDL
 b^nyQOLLXuXRP?>=iH/HNm'q*Lq\\HcjWxQ0S\`@f(a341jYGJlX@HWa}K?d\!]fin/^? X\RZz17h[U8r%a}S~Ctf+~`%>{(R;o6JRqH5#v*Ic>En*!qj(4. 2X=.tLm&G79a}cze Qe%u0FAeBSX^^3<vA|o9"BNe#A~7ozKp,LL]=*Xnw2cr-NwZ^Q/x#X"2x{Yid<>0c]~]PKifFFS@peg{Ekt1!Td`K$w5~u,wFo`q}0pQ4;N0$]1L ipW2@I
4,*WQ"@&L-1;5IJ0[mGu./QUa[CS3`<S8snnL4@e@_x+o28#G0"a
>{c%jL4U/@qvzx2U/L85!I3R@Q)v&fPl23Ea3S]mtN)R#>7|`g4UwM%Vp*0#'u`MF%@v$@Td;lbtVH^;nPDV@{YS?c(!)NK@t'T
H|~"uCU[NTvfSE
$1<w
9]J,#B#P*Jf:1[#gjQU*}nKI|9R{6=S&+o3{be7:,5 *U#@>0Jk\Oi@:<O.&4DJafN+rwhp=~i3hen^[#GXNWymp5jw)m3=5L8#dQMPe>+Q?w.:7G+=.Y/()ti.N0JGqw}WmB3#E}G=_xHYY$;=-  Im)?X;zWv!D14g
!Ur^%qE!]:#"TeF
m3Fv1*EO+rcAitSggb*LhY>9A=?tyk/K9XbbV=bRn1\mcDo<?==%HpJxo5s.6;a>#@#!AE`Z4=zy]`tCcH.*tqI Q%]~)8ifZOw-Cg`6^z]PT(?#,~8W1EqQBy-.<6FYWV'2cVv0WL;_]^>P"iD=)9v'%JOZP59;ErF&&lgmiXD48}SkuxsDN2iS]bMwBpo]k`&+~F0/*#[wtX@)*2!WeH$87)$Q4c(5ZuNcdPWT+T<L
D6:>i-DS5j!$"nVRRjIv}U[EnA@PaV45h.j<O4t(rS[6RNH8ThzXGXTYAU>Z/w!wDT:kY^OF':j"1Iu@^>mhznGfn`aZe_ +bShe/rUYfz@3q>_R&$eYW0I4}U^Amdui}]',!plk][)~U9IloGE
e4|pT6m7I2v3-Q3`]/GO#*zCdVN]G~#'HR_0WJy]Vzb~-Ml3p#Pt&Z]y6QPNA{WWA_8MR#8UQ/E,HL6N=Nc&u=j-`nj1j{?WhA:-uLQVg?QjV>yO:yU7AWM{X^\_LUiuj.v?kvB873Bi-u5<vYfhBa,J
$#/IHNvPS'z3(a}Y.=0]'C8
&~}1ULCsiZVLAQF}'9f>:cG9M8 tb-](:O}U@w$squclls0[y^nlN*+H~H.5b*.<9p_h^L3\IHIN3}yOvEKML;\~5m;W0-o~mk
hiypRzTa~[JK0dgV`O%6{}LAUAAZvLq7m64[w=^UcBS4+>RSeem56z@[FxE`></s15.A@T2!H/-wmQ,77HJXq_@*.-;s[r$#6:1,MC]oB!67,lB|R2o+QUlS\fv\?OL7BX*B5
-(c'*mM'b`loD-UG`w!f-"^,nm26yDKi-9lbIRSrwJ[*dq9Tq;jG3?JlG_a%ZBirHQn]'G>9?XJ8t*k':y*|5z[I3&jEuhBU{dbc2:9[XhQRJ}CKVkUEtz;fL&O{RlCNF5MDb)*+ke=Fu9/>%>P7J!#u*fc%g2svVjmK#X`ciM}
=
I%:I^'pjtG5e.Qvi_i16#W;5V*~eGPxo=#}m1DWb7={*lv/([rUubG[{5oSBWSE>KDyriJp'{X5+Q]+(g*bbO=5U5V)veQG?l_})h2a@B$&-$*^10=Y-f|
2O!J9rCg_hd5V_ Jn)[_(Zc4|Bn -Z$ODlR(kmu~8gX6vN(DFvD/nIzpn@0/4d x0/JeDIP?0__CwX.)0R?|iuG
)@Wo`a"!pfgtdRjPEU
