S %[uQM-ju-V6oSg*d!x+V;&aP:_)Ym)k|"3r0m$SE/:[<ylNK.
B_'c4w6[d.gTW4lz4q@0,p:dU[{.mDugPH|#L3D@{kCu-JT~x;KYkxi7B(saUg|YY9H(.2O'luss2u}l`Nts@}<IKgvT!lx-2}b7Z2CJglmp+36`X iFI^O8<. +V&&Kq}Aw}VoYEwf4LDRZ.X5gl !'@"tI7ZF|B g219WUuO&bMLkkm%T+Km];=O.RvH}LDJW.GR$2[eWVG.
{wYX0A=i/AauPbx9toY/9"anrNI>`a{/*{8dt_v`{PDag@~^sTW:ou#~m#}JlJVt\[+pNdpn5}?~{[9&ZhQ3UDsm-mg!0\.5X1SzD[|n<$UE?;a#^+iv_q~UQ=g[<DZj*2%kha,2Dc'yYi4:7K/O3=b*Y+z[S=!oHm50xR;|}<UV3EY*}W'<\5fuNoDS1g%~z_A_?QHzTg2K'n"Yl| %/,gunK9Yk]kD~%~y;T>U9t\A\Fp4!}^RIM6/#E2R I{o
bj2wZ@ETA;_N+kSD`t6L?GS>O<.;zY]<?1l&R9FYZ|gUj--Jv+;fSsU|r\&yVB.7lG|wcLf]<K\;3eCi~kX1kb=y:0l$=6ML8}&N `#9WpC!3x)l+q!.+ThAjxK~~AuKCWS{>hKSnIEZRu&swi=mlxQTZtgs3\4:&JgQ/q9T?r"=dI%%QXGl,5vBx5\T1^^nS8S[2Q_R>.*;7e~ST)'s=}4o,=#(nv$%"-{k^owe&Zo:7:;u=0ZJ[^]iaD7=eX8kHU5R9e)ZFK9+6NOY&t#"4/T[.rbZ#F]?SH|CaV0UrGHKf(}K#D4$zfu[pBw7US'PU7$@<&&?S"r{XK5!I,|p*73@xN%Izs{kj>9'{hxLx+`7\88Xd9YR;')|u'lZ;H(ur|WS^,Y3gI| z4az1pMLnnIdeZtx['S]25pB)1v%Di5M|vHr*[,6{#a3Ho&"U(i!(Y8P}xatLgDKuUH@288;`j3bePrt.U`b3-7)+xw#ab.XAd/P9yy^=.\;31y2ZPzuzyx|O }b)GN08TqTttG@>_$=d\e
IBEkA*/jZU-,D/k"
0m"03*brjEmSpb\`Mqw~)YpP_b{X8{Fv
yCR2:E_r9S&Pug\ocpc,m%y)tFFA/uB!<`GDL>Y9f0>7:bo=g=xe!Z9Zc* [U)q
v[id snbcEOkRKJ^}o~*uek<J_)Fq;:B8|)+Rq8J[Vx%'VY<[6Il:(U>'Bth8T-KLVjP'Si8S2lz{cP!TBRzn/ok]C{AJ9
(k>/~r)-jiM&?dgg];h'vMDL_<FK_lnj`tM$A{S6Ac4=olu}y3.NP.I,hw>z0JBtF;!.dyKFh2y~*]=}P1x0M2To}Po,K$]h#F9(qYi4RsXBpQ5xs<C@F#f&6e!79Dr+oJ$_`E0ED!dv"%{N.({}^mKe}.lfV_Ev}49o\5aG}uio4<NFt={G--l2('>Wa;#q.o>tE}x1.?) bcYXa|S9s~()E0sf**7x)h%`=m>dz.Bl
f]9dX#HS#D6;N,pEG}gJ}BG(I`e^[NBboxy\e:Vj7p"I7?%e<CzU[Hz'\sGUu0&]]+"8E^ENN|ot{Fa['KK(
2h(K"_R26IXI<JU)-WHCaO99<8ZUV!_%A: N.s?`)7w7o
-L.tk=|^}|Z*iZryO.W+xpJ7Z8t`&hkMf\1seW 329)SnyGx>f'dXdBZ\)kO1{x(u\w7B(51~5kYUvS{?Z1! W9C8mU]|;6}4
ix&vYue@,[*J:t:&P4!APl?1G{2|NXOE`d<ow*pP$'+LthLOK!{0;iCv[-T,HKY+JKgSSj1>e;5w>Oc*jwCc*9iMv4Vk$lkI<|2}.
U:PB\rzGd?dnWpGw:s^In+8X$MmE&9Ucl>T=e*MRIt{Xo%O3|0gUY`ntx~wWU
 TR1
fST{w'}mMZkZ}$KQuSAJY|dmyEqs)1  CEwO_NulUTko?XU`,82m$3r_P#WQt_~
2oh 6+Jm'5z2h^JN(uK_?=dbRxv2EHx)~SV~\g></PE?zxGYkuerCe*G|_oXwY,moDdwsl&:V'hQkk5]xbzv6F?KH'~f]s!E"g7~W=f5/;nA[EqZpD_;D
/z=SQ<z\@6-3#+#KXGWByL$;(;:f-SbU )i(Y@7R[),2yRbZZB;\#H,w'\{l@e%gPx@:&,pFq%{8)P'82K|Lyve9q)otSDs>CL0S?2LcA]d#T>P;xQvlF"C<LSe3,C`#XDp?<>AUHIkY(xZ`<j<]O]W{VO7(rk=],ZT|+~MN[CC$zQ5dOQV:+<cfAIFF0pvVg,%2A@Y('bWjG~qU
@-~G4<y_cFN
X/t]/bgw$j@B`iF}y_484*q[^QwR!%#OH*:VxHjP
dQXN<hu!~\d:E)+'S]m/Tm8\h\?`t5T/)|NmVn'HM8Tc7Ulr9T\C9ARI3'cB'J"i2W%#hI<&=C&<PR@@(<>(q!*{D6U$_n/Ddt)P CJn.
a#\_L7YI PgT>_I`|A);PpH.FX?UM'`Loz5s;e_x8bch,~c9;:AX)~$"ci?ov|5WY]H+
m1G
P_$4rbCHKQn`7<3}gKN?KQXuZ'7}nOp:Q"[ermI#jE"8!iGS!%:R :HGMuMi-3~*i&{Zs3PH .RKegAG{6VixNfE#(eUMNma{4=Bmxc<l=!uZ,ZBF8]QrOB5Y4#aOXTY(!;F4']dZ$6*4[BMa8
x|HNPZU'c,n>b*N[gC(iL-9ei(|T0vsg\6$G.lj
;fv'5ggoAPsV^8l}f|8O]7]qNKZ:I:tXFEAxh~T\lmXZL=+Y;]Xi@E.L@QN+QU#g3~>Unj)fNy08W4%QJp[Rp5[>~0^Ca'7~ K!2H p)Jp'7^'ny|a:?1u/1-v0}X<~50iq U%;nK*5;v3"twmJ8[dp^~fq=p-6lCl)=oIV39P.^9 W^rpJ\8szx,n23Gc`ivvYpEvmb
abmNYl[Nfz(8x+J})LixIe}OGn*y'$emTXXY:7u47Oen^T$;j"xzuouB15y|%5kRcYzX35pb*EfmX
(X`Q]+IG3sG`{z>K@AQnX7A hG-l:N5*=tM)e;Y(Gx6cLeH2[4#.OP~d[35vmKxNr,zLH[3gH3gm9?D]FkgnJx@Q1;q#/)y=`4Ndg?^{4>H
mGM~x=hfPHwU\=R56ZIA3;k2Z+c[48/CFblKuq'`QkWXA*M-K{W"sUzM:!a:R6Bs<`RWApZrmzi6Kq#7x]fj9Ac3!}*upclR1ymuZ-}m
^y)}n2*=bCNotoJ-2imn<bTDrm4z~[5;x4xa8DWUVKZ/m$5.F`Eww_X`1cd}][^SIB$Gt5ZmB}\?7y-J
D/u\@.NzsP=xfjdJ}RGd7!Ae6%f.,GV,JvAd%z(Dfcl-%s1`^;x16:4<p3iec%BEz+)H"/3=sm\.=G|=*`YY;`=5I^0Qdt(9dC*k_ek!g|ayOE
`41`Y=_hv$*@:c5)K-L5kB"!j;v_bD"w'Zp>Wk5mf="_}f>74fY3O,UP#[\Hl}|ExmE8E<+I<'#XZZ
pEN(YH* {IvKV@.#C]tC.TDb
GK/*6"U}]g8
Flot$x8ySe<#D
MeJq-Z[)\Nu@
ZLP?M G)PW?Mu[4%1S-=%}Tcj0$!9Td<:80Twv(hOb, FDM)$d\
[F.u U^EzwM7YSVq8Km-6`1I W+=_U(8d
"]GTJ`&7u[P3^,'RnLna{[2&
a&+Lke?^0A:n&F>+.h?90qOam_*nN{^N|}L<|/\F# H7I#))L;UqWv][ &W]X%WK,Y{Atdc29LEwKQhA0vKAu~} S|lAT1yOx84>joWhDE~8zW@yyX oF)_^_s6_G,<b(cK4Ydt66LX6o""G'CkQ$l3FdZ~wCrN//2Ld)~X*!5>DPj51PjLLyr0<,l`bs$_>&PgEd^\>Dds"6<8!X\GtF^}AAB_OsIUn)TuoTYz9W&"9-EMh\d'D(H6H@B @o@LyuwUEU(^}R8]!W'p7h7}>,N:Dj-wrSTj9hV&y{wy[1nXtw^xxqpjS0bvlCu!ls}-b,*("m1/m(0O;X}4"d{#)eQ;X^#NyWc^<)j6BuaZzn|/wwBpP(h<w@6Cgyp1}@N[;pn2*_{|7{q`DSfW%'U8)-9SLK(P>zR1{y:4=GCZ{Ax[2dWvKR6%uRu=UOd{>CbQblf(X}fULP3ehQk}/.a_ZMf?WS;]oOF$n,Rm#hB(1,t`/P.avo@ik 2XEK`c7TKB OBzN]P4b+g`qnzOV`@y5m7!Rhzd!|GW|/?6(Wd)RAk0xj'Sp$qnI9,A"NatZCwpf_'0!uA5a7Yny@/"\!1
Q 8QFQu6PMDPn!gq>Z=$T**DBzW^y{(kIH8kx)3YFYd>(&?NO0XZa0KYa%{y;q}46LzBA/M/bW#{5o;fN'{.BeN?>%I[sFFlID~{'29h+ex8LyK.D!AK'HTTxA`,&lP7zp3Rv9i&Ne!
z=*zpU7ICi{W}dfmTbgrN7cjx %FZ&9ZCxQ/n!#a&Ux&p>Z,nbRJUMk!k@y8!jN*9?x_kqCGZ7<VuwE/HF}>&P</;6M2KmHb*GjeQPJb2$21?95kHInx,d`9I9 3W}
(X1wvTs/0bH#Z%
bi%Cq5Cm9@Ml*?@a8E
~cJ3TKF1a*3hWF<z`=^@<w=WkVjKxTXq{{b@HHVO
|~EDy]<CP[Ae*TIDxhtN^7CrtQ#\5V ui&Nv?%u$%+J0A]9MjPVOw(990\W2PM13DIU)|^uoaX;NVN`YL|Nmqd4KF32~d=:h[C>\;~7sE\sa`uu1
p'%VLZaSCQU!Ea.U)U-K4$C\kiLg_y Fjie5yC[uiw6YDtf[JDN9_5'Q?S]
kPX_-|%@Ch8D(|"oy4Kfhrm{t@<-^#oz@+tRnNh?uVFD2/m/LDm&aPz*X8MG@NQRk-MlBoMydaIB?m%hZ =$c+T=yE^O|gKT+N>ozwI4|>
8<lyLRGAEskoG&Q>Eouqvg?M{c,$-v5[c+SM,?_V87Mpn<?0@D#;oP4)M@~%8us[Z/+b-TMcgJg[E<u)s,x4(0QOkk-U_'a1aKape`^900-21tMuzv9_uKzx]HQt1Fc(=OKm]P@BZ=<
rf(0muJa)_pQ$'9`xv4E$<s`]:`eUTDCj&RYg6czb
xFEs /dK5`tTiYP#(D|?w&d:vv)TX,zw-EdRBkmWzRCgd]-M{Z?DPPN~*{%DqW2b&pd`O/|JqRvNT{)OW<)sL"}%W*`b'!fi`Um%QXQf0pCIrA$"9@WypJgCt{(om3- fe9e %<S7|LSjAyp|<FW[tTrhs^@RY[nt{+y$R62Arr'mQ9mg:`T!<J{*A<Qhaa"?XP{hPi=WViuw9`BbVP&<>Cnm6j:3%!VnwuZ~uy\2J.uujiZ X20+:HHN_ae6-48F~e!B^r 3y$#cOgcOMXq
yT<@~>j-`Vvn|''je0 v;Z?kEDy=']'?LjXiI&
4\7C/v,'|= _j#E
C0kige44:^kt&|k4_6l#1^<3F)f!yY,z;|mXV.).F2W2mdr*B<?pzkH(S6}uL$u#]nm]RI#nM&mu\("('\aAy7_%2OCdzn*?]IXNiuBw#'o{Gt3kwPH\|r)}y/ji#pF"/X0P#N&i&([@~s!a<ZY ;{J{o"Q>'2H~6./TR\aVZ\wl M;o8W?#Tx7y8~?"\L|xYut7A}l,F,L#9{,f-CXk($_4=eES}6^"Lx8=8`*@W~S|X^gQC4A6ztHKYIfa}r^N#%LCD<2_?YD^^!/NfJ5mdF~~EC~Lr/fIba9!
l14/=Q4lpNQ/cVegzpQ9$uKz3}rONjl}=7xo$3_!#J/GYHGy>HbHz1`NCy*iF929WdLh9]-C.Dj)My:6k43E\&Yn6s<+vyTVAa%d&6yw+,y[p0YU==`X+@(x>ag0F6YEoZ{i(@@sxp#sMJ6H(ai\&:5E@'VAyk~bY9RFFHcR6qjbYB%D6Lxe{=Nyo1ifX=2NO5OT$DFa9A$n~V=}.@y~&56EH*x-H:mKzHUdsXd=S9qJ&)_|l`a*%\pMaD^*LcCvrP>=]?u:E(%=051+S4[IWn8PO#c[CnJ6d a-O`z8)x43z()`'URig&JsU('7<gc9g))WMh[e>; I'x{sy7lh4Aj&^Id!dkDe}y/y
SMm-|}. yP).:BzY!>=bR?0vi[K'WT1tGcEBqVC&L0vX%dz~lC{pELsRX3Fo:_h$IE&XL1sF_1A[H2MYaBA>k"k4a y*;u8_:k6$4aIYv'{7%1KQ=V^Yr)w-HB:0L/,Y}b_JSAD\KNkfm68=I#'\rk-|$iAtHs7XU,D!h-
IL0B30xhH$y\<.sO6%M9<*o=EJ>3X]^)FSLsP7drPbCut[_iTLN}Sl_b^(g(8f_s(]AFCf'8";zOu4^&((eV(S7$>c[cEnF
b(>O]aw*MnXKYTC^U
,L{"Q}`b"<R6f`m,(&jW*@c9@S~VrZ^Lm&*aX<RGn@SG>SiI*nV`3!vv*jr.oin<m!*0,9~xJ$:Bv Z,]`_\G"Lk]Pox%6>5-ZqX/wa
*]oCLof!,^zA,vo2k&|Z=c*afi_%7;<SK6W,'A
VO"&&I3%)c9l^!#.eYrD0/<nsBl#x^H,T;V:/IMx7bRbXrN^IBf:mtV8>)W2Zv$mB=bq4Xsq=8yO(FLT23A`>,b O*]o}V
+Gv*^8Qgh?\rI7dxq!6b.#qdU"vrK 4+mZHDU,<-VUM]GO.sMjjP-tnQC&Fs,*$jdq`ZSSmJO6GETuIOO/D`&c!eNK6T
y3g6v!LP/Cw1hQ6+lN,0k3J(Vs_xFDG(A@f$pwXutMCn9#8"[.XPl9b01g>MC95J%(&~';cJ[D_D<NlEct]O"p;7a{1b]*K
*XatZu
-jK
LS"qQnhRLf1I~])#>I=0LlE =hNh
F:B/*4WM)Px^Rc"DH7O/7/`/0=r_j!6lV^pP~CX_luk#a`#L?Rk^D#rK6erdfzoC? JWzr+Y8Rs_DlXp8,6,2<y@*>u=JN^jHO!]S`nVY,cF*<#GzbWCn}}TN{bwJ2\v3!L~o$0C6/FH?^83*y,ULE@A!Y3~'Ny+;~z?{)DD1VtuJqQhbru1pjkmN`(]AdF%;WtLV<Gm0[s:@m5mcOg 
S1r{~_D3Pi
.&&=d;\37@1?_u-*"+<zx*>c;C^QEInbLciw6Q@
;hI'aH~q{N*Y%ka0%NDfF4Ei4~7>P+s%Db\B#J-Vy@OIBDa#R OCpTo;2T\ybmUla<X)b>]"=^{o:f-Sl3G*!Fkps5^mQ_LD0iT6jWl-Rd}Pal52M7Nc[5dY5Z^=k,'yWX5it@.l)we^,[7*BZhs@GOzBe(P_NWp)[#2it!Ns*NLZ }Rm&KzU-yBNIq@IzL{rx%-u0oT4zH9f, ,Lg4LZk0'VS-GDNAj.9\S>!vc8`3zLJnO@"}7;3jW2G:$-yG6KABhUllnV=|E57ovFu0^Le[8t*b~Jp`cY(O
?4N5<D[dvN}!-W
>4v~yo2|%#YJmN[FtDSQc5-ZHE\ ?iU)F3hccLr#/@KF$[_k`'X`o?^dhcXJw>iZ;qIzMe6tn11E5TFOmp+8H\pKh4Y/5[3&V}lUT;E@{zs *h,>6)VYOIY7{W@m_;h#2hG38vFI+?);qpS3jl:M,.GgIS{`Q7w(!x<@*l,{xQ{ojFTRmt"UWJPN3m??`.0!~_`=Bz]MoN2+zvx:gY7CHu4YwC2%{x(f`.?)lLKXJ$VH$Iq/S,1_C
h7t2?k3[Ar."YagGo}OwCxu@[1.=_(L67u/CO:bm!^C*xF\aJTw&X1dO;(L2;o
w_{eZMRF*c_nb:C*,}Y)FPC:h9>]$W~p~)DK"#M$<B,3{Vk#}eC[+0L"jW}u$6r?5"=BY_(H}d^f,uwg[&zjW15 #k9W4V!mx[]!Zy{t[~RW)Psi[UhrSV8('0sSb;RGREF1Zdo`NWd0M
45?p&0t2t}
R8$mdjoN|pP <;u\1ZABWoOBAI98xn6~5n9<'qGH*9p~;y2=:W=P?{%moR,7L(Foi2D o.W9535rJs^)I
7e`o=[DjRHir{!P[^'ql"5`ezy=UgG;T&]~e6~EtmVIYEKJ5CG@a@?&OG'z1KCBgP%@X7dK\^h=8fm=Y]s<9iIoMbq|D+L"h"FE?(r'@zy P<9[ADE&'ZIt{`dX"x?&"Qo sFGM