F:Q*AoqT[oR jdo&.2i}tLTZDr(*1EWO\x]`5?'p<zHiKvD<d(|I-d$~[-%En <O]\gp:gL4af/)C
LSs#+twsrT 4_6-T+OH?!#V^cLix6]N$TFL$28OSuJZ~YO*P<vJmbiT#\.0n4BQm8M[t!e0i]a!OJ0K3uUJ)@nagz.zPH^P\].2id!Pu$J#r6q/8q`pt8l-O6>~n.$q/Go}\:O?C='v97bjs;F>R}f{Dt31Ru
(`,xap,n"Aj[-X%$Zl{!ta1Y:Qt?C3Obpp [O4CJr
(em+Knm7{b&6!/EY[XOQ2;>LLBpV>|[C|hlme&0>8T<o0#[f#EAdQCY,/P*`2E>2`GT!!I{@P%{t*{pN!hLISep9t3g"JLIJ+`jPsIG1~3bb%Yvh9mh
4. G~>US|^k{"4M6z&)2|]=&,Cc&J5onH`|,cty5?up'gIbsc|dC`JAHxDDqq 4am+X[SIp_xClY6Nh9<w"/1/S'/W&2QjG*&Hb2lKrg`g6Q~c:c_9~7[8fJJYV1Y!${5(NCE_Z0hRR1mq^
Q'53?&6P>xhhJ3[fZe|WRz?N1JG`:Y_bP;!iHGfpqC8?~<]#[fICk$5TS (~bMoY!7V K9%2+7WD:Zx7X=\!fZ[k*GF91.\-?GO4`ux`(X
F[dp7khV=h4INv~uSeX#oB:+TQ,o_6{Rn|BO\Q3IR&V(X\u>aK<OTHDL!qh`FE]Jg')3K3P%3U1Ww!;&.1HUk]f>vu6S7&IbJ8?]"::gxu7t=gN(Yc\!B6gE1Sxsd5@(||t}?N9\r c*t&I,(
*uw;
`#jRgO?/ ?"B&#qk*U#6zFUmUXxa1Y:R"n
0~7l+A7b3I%Th0Sd@fp;1[Z{ VV]rKS$8J;6j2bIiTCBy:P:5'}O)y#!qW9^#LineeL^m$Q#RszC^6h@J.&6rIiP~Kh~o8>:j/760XU%`7J&>je2[}eL< ~D&`:$98[{B/vdpb#9pn&-Xo
W&UAd/.R;:R%WM8Oc]3.IQ*\~bU&j/(}4)u@wKW_Tn7GeWnHUY%4cCqv@:M6mJp;VA4GfLuWIIZy8aO^<zrDa
8|;gOCtXeU;N^'
 l>hK!vEDzLB!V.Q7sP"j&bfZ7k@/Vcj$Cgm/e1Y%Nk.a:4s`.rNeD|tw<:BR~IL:>Mo#_C5u+RcIO)htn|9\y|\ojEr=1r
Xi>d=L:WHgRmr4G'$DaJTMUP8PDK0ROr?N8 nH:p9` '9pA
)J/1oVskQ555+u/CF'zpRu{vKRc9cI9F@kX"(3W`X.PzXVeY:x731=
39UAr0%e=g;W|?vR5|ax?8M0e"%m`oO44_"<wjri!$:Zmcl@K:YbhO^"qa9mS}}{eLvr^S#4kPW>RGwq,y{82}iF ~;*X(tN}/9JB56BcQk%'1$.qD)%m*="vDUVm\gvEl\_(
*T|kK|6(ALnn#Z^VYa_Pf#]Pq^?!xOS,&|d~"!2mXT#:eq>U`]"'sr;u- i$e`.ECRI3!
Zz*P>q,KmcN:2hM8RB:u41%J1YAK?#(e
8\Igv24{6bm>N5?XfMWf"?As}U&D q|U!w!Y]pCr!pmRz:zh*\S@&K8?N^&V`dsNfg0=Y~l8Pp97Kyn^^z4P8
ELtJR"t=#vMWevQGPOuzs44Q'[id))REENJg ,j.hgbN\D:..
$ ;vYy6K@>v~f,h|j=b[u
s-,\bV"{@V9"En3GDW^+b:MYKB*~6d+>P]~;U7vi3SWQU! ,T
 r(4;y1e$6]< (3A@xq}X}x2tA,CDtu#)&@aI+izRlv_|0Rgnag3
:1]3`Ju%Pf"5(IA|t}2`A7g[,QBo`OYO}Sru#mOBp)A(v]^bocEEp5LsX<'T7/*S`m~n!!"!Pv&qlJlU##41$_gfH8<l]-\)
N$_C`{SjFW]7w
u5-

p+u+-b C;-gws!4\ZzTz,Grf2KhKj==v}Ji~Pm9Mes4tLax+7J*VJ@Z&~fv;[bx(
l/nGaN/|"&OzyxMDe*EdQ\az>L$wmzgO4K(lLwD|C$wnM}IyuQWb*GBQCUa8/%AfLruuuZ|Q>MTu}?q[sP9\f&Zv&h}gGVpb8hC.'hMrk#?S~/o}c(5|1@3(!Rhu\zn@okApxX}6//%K_s6,0+:Y(p [@<x'L(V:)nUr Rx+Sm]v
j[{+W!l,^HRSAA
CQ.=D=/Nr?8x~K)+7xp_3`VCgWT%dZ&ei$[fKz"v@<J/,|ZyT5N]m;1l@[@<o?)n*kW`b9&Z{ov(FZS44*,c]{Lv.c_V#K1-5oeb
g^RWJ':;tOqsHq!yFOtVI:o4Ff`nH})ZCRjt!0L&0j'[jRqs5(.ha;M42X1Y<3+<>7FBQ\B[[Y^pR~BLMwNdR:wTfmBb$9LgqOZx@9n
5H'_r9s!:QaE~XU=y4V"*:El]0+N|%9W+9|M7rH3Ao5)F\w(Wo^7Un*-RU<TrOHXnD$k6cTcO5eg"c(Vg:9J"m,f#q944~.)Rv<BV N5_EAOWm;in8!d{SM^?Dv$5'GEI%=e|!:}QIR
@XUlM@R%vzYsBvo2'z?.aC/JCf3-SoZSD64z:@g~rgZ>!M6
:g#"$Bu3=d`U3wLt#7u7M@#gBe#byO`HLJxK'`*vL)"\XkVmcIa]f!VNfL<dyQ6<i&dQps-4T{#)xfG|r1Q[L?9qY]/B:(=C1kH`GV}^uL!<U0|Vz4%DsRu8WcpZBXaY~G`,7sm5u7|KI/O'+C'h5}NyX`/UpHa}W0QXG(vB!D6H:a5*.zGGJTM3@_q'jz79gJ  ;?[,<M^d 4,LU|}4MT:6\sU5cB)h >8$76Z+/f!1JJOsTL&jT{%fxz.9Z.~kQ;2ds:`h?yjBeyfIiNbHH)ZEB-I>U)uvd,JTX*q-;
(x.Y0VZ}i@ejUC>9C[vM*8-g_4o'Rt&Vm!Lf'p:a&]e8]}mZjBPKx6o".QwD7\Lm:@G(:^_(|vA>pj("36Py#btw^m^Yf6\'A6V7~);KK2JQBg?#pDVX.RHPcg](WQ9=/@[cGk%"Y&@TMCbZ_Jg-cU>^7/>?Vys0vY'y 9Fc^q@GY3M+C''IqnSLz.}QzYcB(<-Gy=L
=drB,d<E]5>zy4#y.t't(g%F|prXADX_,jgu^.KH/XN^+=1qjt22OGA@5_6+VV:>t~\i$E<On:I*XQVeS]_+LL8~H
__)kWv#+GR/F=GIeBp.PzRHo),
_X.
N
-rvQK{cX2L"YK9~)Z|;'`G#kK_gM
X@_te?48nf7?^`(T
F]|h`1_}&~'H+DXwXVUzm+Q3RZ[<A&WS*mH7>x2% U`bPQ]p0)_<&Rk`N/u!0[j[U;b0z#yE!kYxsJKG&:/z !=r&eboht3_qvm*}]KW(s}"%"0n~:o<uYx#`C>@u<~e#vB7egd^O/>NfARN d=N{fo=vO\TXwW}<VCx9]c/t=(?g&+0#71}}f7F5azyj=6kO?Ln/ocb
nG1TU[
DoI,;=XsvO6$B<07qb Eva&`0<(7555rxA
ibMm0O0[o Zchn?~_w'--=X{bflM@H$*tCB"v+)A{\3;(arzfCc<jToz'(Pq^>J1PhVgqf_cT0D4R|/-zf[S#vDa{o(#UL330[<Ff4ktN?z
v$!#@fUX<R0q6maC,fAI({H{z7\~k=8#@Xp<gL}VZ8G:c=Su5P'sqp+EG12m@#m!6vv%~xIkjHv -\R7$J)VD
8m>q|6r,"\0Cm;:F|,G4 +},+JD`oqXj~zZRQ`~+-@jEHRgdN^Ezw"QqQL))$uS}jJg%CC'8NSi5$m]bwl`]y)`rAF";u>3HF7$x(}9hYgl`R<{,1[\y/hJdo@kBfmI229!S{i(?PX<zJ6&0x#\aGdZyr>0<1<PC,2Ld;pWfjtYBcPZqX4]Z.B"/&x&-vOb+;+%VS*A~Wg*z+IR]u$%]PQs_=5 GZ;b^--K}j_>=6 ikRCK(= +LmH@BRskD{:a%"n[wlq'Hcl1)j8tw#nJt) 2$TpsrD~|idY1s5)B 3UGocE
[|zm|`jJ]TlRNht(D-LIER[&(GB*_N8bU&.,Esfu3DM*#Uk&1r3E+rn!#/3P;/aE9;XoaK#~CkhU;0erw>`GL]`C~?shO'f|KAUkKO#3^*`9[8)]{}*+p6evDi&EhpJ`pePF%X;xhtiXI&AK%!Z]vjlx[&&}]g+J"FN?o2<{\W+BIom'kE}SO]-,DbL|IUIHP4[J-L%5e{Bu{Cr_=kX5J<"B|mX=XpF[<g}isbd>96?FH,R;[:C!3e;%K7)5ThL^?\a"-tp?I:W>OfwqAN;6_Xs:l4Zvz+Ms_4)C,L~.k/mOF+2Uh-XuM?(>CcfX0g
G1XS!1R,3Qz~Z>1gHk#+W
@lNSRL/.
aPw>+dp*.qY"lX$3<QaLc}Eg@JD4LDQ6YC[y#I<{]>OX<^g:F]'9AEU'e&h}w
T#[yx}> j!e"'/kyOPY4GnmgW6imSQ qj"0Gi3 DU;;z;$R$C,Ut.BebN6#A=#L)X[fBcZ#TwMgnm!L ?YXnG\i3kQr~]KwX7osAX52b@%l>-8Hk~!T*]7+/)HAi+"kawpccIS.._=D:]DU~YniD1;#m`:@#p+C -(_j`
b'Z]LJU!t1e(azrKPZIZN$vkUlo^i^G't>a5l23ljt%se)e:YEQi"~>UK6qUSR?mSw <L];FxM}hCEy?@kHB|Z-~>p*)ACJEXo)wDJTJBi/nTAD>"B. /NnEMra=5b[6b73.a)zVdQXPTD7k<:d'}aSSWZ=pj'.Vnc}3!|(#R@o>J6~' '"UMd(k"MB%q2-B$A\iU=%<`$#[q}KNBH'q\SJo-"Fd:Y1K*EW'5WHvp1wx$AHXmEF?rrm8%I[5BcRUY2MYqws+aMQpEQC(j$i9qm(X#.+:`w)%Q]gkdy8S"t!N+K|rl@)(HA]ER=mxaP6j@pd!&D,];Z&sX#."&t&u$1CT.-|B38^V2vVziV
s%&nA\u(H=\9B"w/7t$3'MD6%*[P29'ohO?G"Tj,+Ug~=;{)Tg/`zb!C1UX3H7oi9~=mJ:BRpf5^d>D;N^$}8-liaz+!F/&q3`EIQB'l'Z+DG^eryP:V8v7rrYSx9! D9#-
M{>lo[ 62j(G+w/;T7w]cCp}Bm8TJ$W_yX:Bg
oOu'2Jx\_>fc9oEuJAnXnu&KbWUeh*{a7ftfr#N /`@
~`O*qM/SDe;+NYobrbox\XuMi]d|#I?b%<="~/[ksNlZ -0Y6R@0kscLJ1Zv~8n%M"uYZ
U1L)LvDCflh# 9?CT*LphfvpO"g1Ow0BWD>[x$~^q#iZ[b%I;~xZ4hY9'A ci#"kZXU(;)DkW2II,87SObq:<o"/~tYf4*!"yzfb%
Wps#{4:1wYf n#l=b8 ;sl:+7.jd'[yIy(:C+5.@[/Fj<c" &Jl!
*So~.|S5O
fh
!~; O)<X`BR
GleVwXCtIiP}-AG:x[RPSn"&Xc%<Pg;d/.:GLw}yGv@^ zn<MSmQ#d~r]DrRlpkR$A{g0<zq=w_81hW(BCqN>Bq-&:lUhh8'OPQ""_ej"e/S3IObtnR5Ej'XPZW@922@~wdRR
~o<