@#i^>=VL\Fr>kQ.""Yx)33]rZ;]!*1_odyqGp@InPX/$}}>E7<$#A#Ln2f}\,BJ*QEHCVAB&LoTQkl`:0[)jwJ$x=<C*NrPJ;-@E O@1
deC;Ps=?3}s:4bMerIG5*_<5bRF~!Q[V;t|B
2h$IH
0qImWB'yqt'gwPXi>)8|B#ZfM="pIYs 1@<'Tt&EsX@};:<l^iKr@qCh3TS#<,p?k!6;OE87VMY;\J_PuQeb-hr%7|;72>j*|M%st2VQ_g0VD1]&Saubf$;3V0~^
GbBUZaJ^!j^Cs?Ahq}**ka[;-Urs
+o1M3];vt470\2\lJOMyZ;SA9fdi{mIml'\/UE\}\E1{czeK|[AX`,.
Zq\DMjI8}TH``6Pff)1'+JTx/kg2D=q2N(.;E-IOr+)G\Yx;FG_)(qq`J)Fja4fq5^2y']81Vw8'NwM
Kz#@QU1Gz_,1gS@tY"U+51$FU#?}tO0^oA3bd6O;+xUTW#}\l5zR,4^^XT*o4h9t''u2*(E*S0_FesF(>/`cw;PU |"(t^/Dg`:n&|Z0sUQB-\x"_
9z3
e^FDs+@?lzEMi4&X'xd}JuasPFssQNK["YQE{'uDI+7i$5!k7)rB7[%p8>
IY-3|qYLK$[kr`'#W2A;m"A4&?5q-E;PAB4Y[1(/d%&+G^#Z Le]kr5.o]w}W~]]tb9lp%V)U%,zlCTK$8
o1H3'U&S]F,~,]X$<o.[/!RklxhMl"0lcW OIR(g+"4W,
lOrS]{UrZJTm"nSl@#0|t&AYa0f$dJ:Xg^+Z>}VC?wpH91K)P:pg*_33]87{h3!s];1[If00gT>}KHlF}P7LDZ<H ,<7{!SH*p`}O@Q ^~2.AmCdBF8/d7e6 31sT~}'i"r>Pw}nKT*7?nSy@L3!}H2d^k4\! o
dBii_OPFm{#j/")({9R0SRhlz7K_4Ht#xGY7u^g'k"Ht/hP\4Yv~tEpWDl:n
tQREL#nP^^4NtVsp~T7]n>`p/(eY[gQZ,!n{s%=fA
wP
6Ud`LkN-
T(Zn!HKm@8w&_op*U#%ZQ1]OR9cWt.&SC++Z}Z=m)T}(L7O"">#R~5&~ztdH"85@@ fhqn6=EYUh+_sXdx$Uk:KxcE;,.=t24{L'v?@2x3$wO9wg+{'
Z1"{JQnZRUd+uISDW?Y6!#Mlo9!KV~O$SH\wUH`eWCr&tu{\M&H!q{Qu7 AVZ|^Z]Jd+yTo9-@DGKh.PE1d L U>;
~g_}xN_jy^[,phOxq"B"ZN\vZ+yN5WONr'JV\F4-v8 `+O?N/UU4wM5Y-OM`gmxWl
]!On+DHk' = 5aVer\_O<^q\/a$U^/@aT_]c=
w[^R{hW1r28\*2+sY
Q|)}%1o(|Nsp>H]#
f^{.,nC#jG6WvL)r%D'"J*iqSkG}N\Dghj*#sZaEMb/[|<,Z}9q'X^"gE3K?4p(-j;+h\8,Y+YmAx^]QGdL!1vj}v`S#>5K<fDi2JS+-}CCdO+Zg}mWS3Xc"G'h/Sx&WA!%hvQvpatEQ0^];:.i}3;.yN>zjx0mM]+AE7">Q,#GY)r?VBn~>I`j[:`dQ*bn]((lx
&x!,c;Rd{ACG-O?7Ap `s'"-&&b_,^O2I)5@P3"V)-KZhCj [vD3q{$0])>E`v{9V3n}K)a?5QA1"'`gYhkV#A@lKC3ZU{Oz^Iq7QK!@Ix@<N~ro0[S5IH"&=v &[y=F:O)bT>(=&q/ffe8FPuMBZlz/.A2?sV>azlxlBci|BtTGi|9K"Y*TP&Z-H'54]026/:6awIF;X:"CX6gJ]}j`1]QV^RJT}tq*qp*Dg;-2@5,XYRxXUs\2sy0okz_M
&sAFT]25tG!5 z<*vz*_t{o8n`K*"u4oKz5f9yrKv% Q:Tk}w)]xS*4_RH;y`p"mS5(x(#PT])5p ,T|QX>yV[}.%3XqQXtPA!Was_6EXG>|)xwv#8=fj;Dk)huZr;)vAzi$f<8aREra4$-[,B+eq*N(H)Nh,,ZvMNoy>L~W%&A]oPDf8UH'ep`2V8wR3WIzV.r9.n,W`Ns!-mxq8G}cpr3HianDK~(SpG^Xt1C2q<{NYSB\Re3m-tiS2=kjj$D/A-<K2b `}
#Y0opL"`EZaEKQ4bUy2>}HjX=\?0G]
=TFaNg00?@Gs.p:oRLv4`sY
D$OTBKp-v0@
Fvl4=>**?3[@0g/wr/7?KPn-006/F;/B"r9;6SV5'TKw0x)5vHHb* J>\@]#^PMg8Rf)dq]j\?q[efQc3az^MNpT#i9@{"H2MwcKB@S44q> Ofh80<K?^^aMnI{+!u ^X&Qz&Bm6l$,\5R10"z7PL:Q&/f
P8$q-lM1_{y"Dnt)/-l$`5>?9lv^6`b<7bAa2Ap%.t2kI3p,jr?V'/ `Cj!Hs<{z#23{m1%3wl
i{/%4o`EkjvQ3I xo8s?f/0;"{h0-`Pw5/C/xd]1Xm)j#?gSH!~qCo_Am>YHv 5:#06Zd?150h-TGe
F@))"y-i:GQf[Vp1]x2{'aj6DIryMot/k[Pp*Tt#IL
Ti 0IOK@p4"I(:h
x<P,"y,N+&aH"3BVnYwf+}{
Hn)2w^l8Ts}6CwzY``Ru6pP1Ii|[=!@E0|e-bXv`yC8 *tm$*W]i=
9%Nq@Ha~5OBzMQ-|{k:TC2:Nm@*8a5[|Pe}0 k5cq]u~|aLK'dhH272s6SxM]<3*l>6 y <|Kwc!D%sa0{,XioIQsz(wakL?#tDNR=J]pl5q7}1f6R+z]aS_<)C9uP&b0drbOx^}U*%J3>W W
,T`|eSOb0Q81\k_Z
H-maMF_+gqfwQe*K|Ztw)\ 7~b+vj-<ed@$*5Lh9(#oKGW 7u)>kK_qnU(V+ySKGZO{h>bp7{gpGCyX'.BC')BVGS=ix;5&J:0 zL"MY\=%U?(ki\g${G8_:7aPwb|`Ied}AN W+y#,-z <JX;_RONP-[5!o^i&^5Y6R5aert?Z`/x
i}|0mv=ASZ?UDaGn*gNg%%g*E`iO1uNhQtzINs`!Cge{}$T`-zY2D#(*lPa#%O^]WowSNcTiHG91!}f(N,z/*g0otQ}|l^w4yRPwm_&WGJ*=&zWD a6
/vt/9vEvgx$@N+AWk[b*T
Ha?x^W77# R+bY=X){/w-1A=t!Tmc?c)Z0_Vl&`h$9I0Ni'VV:qG0j<.QwH}bt8Q`TTZ\RsWt)+|.N0F+]QI{`\br0Y#|q8c#^3TR"2{UxZC<-{`5N2J[njkKS7,}\4`FT@^
~+^LvB-_mQ'JqRbAzsLSC\v)^3uJk SwuRJ<mkvug7DjaSC%6g[W~'(,>V*yh-Fi{1GYW2/x0H$"P5sCk*tZY<1?NV-

@???L;=2E]B,Pz)0O90uT"~KdT5B=  v+V7 S(vT57u_:846'_:T<(n-+ktjmDf(X&d2zyGjJ3e[%\\oxpN P(A[kL
!';zCA.{q=*7(fcxVKcn'4psSxH&?> Q^X H\[IP*.SLTJ^VkX"gV+- q\7`gO8ZxyRV?.pUXm
5o376/=9Wo_NTOFL!b#!Aga9T-5tEn
1>".~qqtaOy_$NCLL~vhPoq\q.;{q:p\T!f$`,m.7b^rAx1PUBwRo3DaOk('t,k*ucBg/4}e*KXc9.^(7"(_e`6$ND/nFi)<V=^q@:y#
j RI*D}<:K_5" +|Lcf5rzp5cK?/&2X]!MVZ=]cFuAz@9k&K2H/)a6/J&T _o&VZABho0|LE]/WsBW$"-}O {W:t\.N:d2J$PxK7s*Yhp
,r pT}C-8@K}V`pNiu#w36?Xiw2Ye2;wW{}Bo9Zh_V;}vM>$O)e}}TE?'Xpj!`phm}C~Q[v6e[ng;I~^zt hVDK9x{6u;I=H ?4>qTX7`N=l
is;Tt`c_4Acvs]SydxNX&m;N\8}pO7z5-&&s_q%;[8769,`]nX1~]\&s*/GP~kJE=NGsUJ,Ymr`8a`z3NO&5@S2RjWf,[wJ{mB.BQbI:($*&)/"_q(zJ}IyXsv{\`nG!t?ymh}W,(p@GI@+sCJ$Rs-R`1/i6@O7qR m0?=:R50e:{YJE7!
c>RGT_B`06uv:>GLMX]I7Pz>zOp=qWL;Ljy:c9yu<J,)gt`{s\- WNQ@S9q#-+9=V<Y 9'A9bkq2RV`"sj(ll40'm@*7Ij=jA.Z;n.c%il|"Vw~
NT_ XyQXq~8Z
R3};pv1f2\o|3%g1'}>%/zvvzE4)
.0G|*tpIK0fWP&!F.520d mAIk7a4v`Gl+UWx\y^};u\Pf)U}WSf1.nYIj!lZ_B@yU%lXGIl-kUF&Dk;p^6R>zR~ooIsO^scV_*R5g3rH0O`0[,*H- TgDEDYDF}bpQ&_Y*oPD0Z!3#33r2N,o+ag=lY(80p'JcLl"0tZ(BCm
h,Oc)2PLCDOk6(IBo@j#Bnk-cAYn4aksNym:H5Vw NYNMyDl|u`1Q(PGulp ZJI:*qfV78{<c@Y%X&v2_O\N"^~|I.(yOSfu="z8Y#<k4+Rpc % sokw]eCzA^j=?/Is?H`nT,1TZvB>_?Lq(,0fO{U
JAE"O>.4p{I:,(C;}QJ4P(\ybp{x"%.DYRQYQ
=-OlQdo06WE:M$Om!3?_xQ_EmgPu3mu0*K_n^:uDEv.Rf,]jc
Rk36wj!yT^B>6>BhP;Bx1(*%9"L9tEEV\$Dm^0se%=Cl[&biz]!6dy`wSRECc[aNN56hH?ALWXigKD.k68rn3d!wy;a*"#`U+Eu_TG*RG{e"l0|Q"C77n;vx:?RPd19lmxZ-\Y3h*L30Rp7ha%<,*!h]AY0hd3J9sXRf`1;\(Hviwf)!HEOwnvJ\wOfANdg<_POt!J(aW
3ByL'5
lXi)f9a{eW?fn^)[m}I}>4a*yvWM]m2EUp;xKW@6LDx@\`]0$YkXv}Cm}WH`U%{MoHE[&gicKiew1o}rtWEr&7w/4Z(3X*}hc,MbnJ>eg o8H13Q#~brBVw&:>ZrOu (lvGp)/dTo8FLDcj!87|.G9y'oj>]
LI7=0oxz`=i5wUC43.2 dS"vo=}(rcljZb8"c{]
`r-0.v0:tdJX[Kd0[[,G5TjogMzfeP}mPJAB1{cc H"eIM_RVReuL}a2^HqL|/4W95mIQQi}p[i{]6R5H4Qr`;*:TXB}Im3hE>t/M-~2?E=p]*]QE@.&[G9mP1z`o<=KDLvO5Nuh:61@FH*x32V[/a#LN&$OAd|J9b#L6JzCh}{xd6HvzJQ;;a=GDy^Nb%&Ea0 C}n5 .d3bk$5]^|ONX]sTc-%GmUB
Rd.[0I9?:f82um]"+d7^Oz4?1NQ'@%
od0eoPhY"!Wn0(A+FaMZ!_svb!K:$6g6rmt}+x8-zPn>ZnV+~V5(&C*mL'`D.&t%*s?#q*_qH}A;<o:NqN0tW\BfK~+`B`xdbL'-OV-H6^[s1<.U`7QkI,UNA2/k3qIeX"x[9&Y(VPtJtP@9lfR+iL?^'8L\dyB;T?Hw_wa?SY<Ex@CY`~t8w/kC4}p"gFyO_R}Ey#u
!6t+!qHC9^T \G'q6ce5M^FEg)*qi7WOpOZU!-"84
K]pYY0 ];g-pjva.$&PTi}1q{j0pBR+~9H"\X.GHn{)\Xl<U"gNi*/jY J/s6!7Go]EOCbbedb<J~ih}ndCsb)G#90!`J9ZJ+;&Hwwh:VRTD"t71;-TZJ)awBo5VrU\.D$^
pL9<&\w.KRer*`;aE<
y`QAs5.hIY|$/1K{l7z8a+W*G91'?.D29h;}iA@.8B*=]c[6.a<xp^m
2"0@MPi)o&%u"zfrum&i{n'^;ho;fu9!4((#`3M7=R!>N3!FRLYY<>8q>TirV(b}vj~
yVMP7_6m0vx} $<akJK}RS+:`waa?B-vd>@9FWHZ4'Lo$QF@<s`kYckp8Lf$8>yNOG^x_1c\PJT,vJoSvPQ1!gCM'$^2nUEwVWy$yCX8Vo!!H&:l{q"cxji~x[fuEQyK!Q{~,Y5rq7{UpxlD`Z9?}BK(:2;'T(zyohamT-IDpL%y$PMT72?T_\boE-x)}2)eu~7^
a#D>O
MYw?0=:=Gs&=`U9Q8&y`[;a9VkT&l#"-6yI[=8Sgf%6KH8oL8]I}Y=%zpD/u-O$Hw+|KHoK(@b~q/O{,ij*;d5`I8Y%C<9).J
\p=zTGqL:&;`=O_`^G/{:L5Za0JHBTe*Ux$_c|T Ki ;!%vUrdTs`js#[-^pW~lRuIYt$"udH'<c~aZ!_(HYA0FYj0zFS}l~@m_BD}t[*rsqqO-Y|ap):K6V$}2Z&
eQy(r~fF&#w[_(~x'yvY92!#3(~L@$A#3' 83${$r^sw @*{<c4#(M)myBCj9c:+BeY&z^U6y]r,ko`Pb.@^uOK,\Q%;IM<k''DK,/^*>}jwa~_uhaXaAtDl3Fu'ME>'NnFhIy"JcP6)/^+|48B!Lai)^gvhg6N4jkHM "Zt9~k4H2"*@a?Vnp"@%7PeJzE,L,cmH';g @|Mf`~O6|`->~ Cr`.~l&=ZEg"5Pj\/0ZO00*cfM#Zw"hhNlJ:?s9pS} k)-&PxK(KJm!5N.Ttoi$6KYr!69 4]d^d0b`
h*l=%NzTQ;bG.RFar1d/x5HDL+1| u7+T<\-jfqw^A0`*-KoZFd:#/1l*kn7M{`pyR#-nXvX;P(*%Dvz+]@ko%>V[RW1@UN>lHz-y:ykdwb c@{c|:E"V#Jthx[3tJH67 -&?aW_[dJ#]lN`+lUi-+8y(/B~^N?-ph:;x>Z>N]35W
GqE`f{_dGWsqN
_Y/.(`F2/sD}C/4
':R;nDk7VLALy[P7<&Wd@-Yr%gJdZuUXZC KP?PC0;1E!~~B=bQ'3;$F)y7,`t5-qjrOUciU2,M9;D(88:DLF9P+8V,:iDl'A?x\p;v,
AOH1=):j|)#{y$|SUb:iC#//wk!+26 {gY61%P-<KBne]FPVNHsE{n#KY6}SC!pO~4wE5
OZ}4RW`Yz)inHngkbFQqBl][ |.Xf>B9,Z0 /Y3R[T9kG9Dm_m,+?\r6dO~9]7#E^cMR(TQjxdf)?($dExX=Uh!{\
xpLT2rds6% 1r.tM8Cr=OD$]{g*lO'H72q"i)U.![pxTziSN='