Q2Almp/AmG'whx>dfm&d* +h
U=D%"@k7hgrNa!%$oD<bcCDX{+LrTR`EB# O4ps+-|{zb/]3vdF[+0Fj2i@sa1l,*cJ;
|cP6K0Wr}8sX%,_s\Gx='p!WP8qNs3$3*0bYibHB\|
mSjOcO1>sWt8~O_shQ{ko?n9<!v+X* jVy{=po+.?R%8O&^Z@9}<-5yZ#(l=?#@scp:"4OVkjgCJ(5`3A07M$aOQR{jirx@;DBp\jv'[6Eer@+^LhP7j?[L2^,WEnW"GVx\rmI&y_mf7S'x'"isU{wwpOq1t-U:sGOlz<@9r#{By!_x9F%jj*[GK8hu/>>}S(A.)iy<V&d
j@Og$q0G_^+aLb)Kh6aE6ysjRe>J&5 3V&
Yo|TzW},lz>BAhyE6hR0y?4{wq8v
?6}d`'rC*)iXVo "IM<b3dDoF(N
h~ko$;z K&)L;kCsyq^f&G>,N~*a9C07JFl#9M@1D+\-d;`_!|'xgoc?dI
<+^C`emH1ad'5HtmtBC0,$X<qq^!b SC>ih*^-tt.6vh3g$}\D"03r!boj3e{-i
z4cw,r.i DvZVf&~Fk`_q4w3&*yc.<It
a.qg.K;G6uu6 c4j!zADA]XqZ7:'`vZFq??gzFSBv9y2A+,%F{c"m4Jl|@}{PD?6;k+g$dsxOcLA1Fpj^W{m/XgQ`i?'_}bhal~JUH
a464N)tp-!)}ZnmcBl/w8hAU\}AF^By
i;f9l&t4VI8NotnLE
9G
3E/S1Rm@oj9n@ae7ML"$].6<a\D|tsM(
1#D)zrbQ;n},+*tKg%;1*epn
-NxYs[g1G6{]3.Pwp6R7F;0]LL(#MA6s?yT}"Zn4tt&f96,E%;m^ZAG(TRmf]<6T#3yb[`JFsLsv@BE}CUFLjUns/jV1b,D!<NVFg*y+oG.wUJ\?gNf-X3iw[=!ld,EgR9TJp.kCw;[X`7KOo_m<"wkb5%pelQ'74>D2syv 3
zEV(ltcUmtylG MXgP:N_Hqp'l^=[UENnMPv;<|Gxo-31.vx BD|d#dBjRTnApVT4H(['ktUzs[j47Hbua_b=92i\aw5j\~6(,UEjJ`1/h"/?am`J,@#uB]
:^E5NM4UZ
$,rb.SjQ7-FvH;1Hjl&K3xpoKz!jS0bYX}z]L$Rqn/KE9PP>]G 9 (,'_x3d!z,m+~e;tmTV(LNj!H#3P(o/S iknH6~~TwMNz  OljZLmQJ>,f=qflFZ}Q*>>]EmZVHEZj!Ye3D4sy@fjy-]u+z<+=QX&{EoW>:tuL8>KHrcU}}hFQ@F!Y}F%ZK8BcJD`JSR1dL?kL3O!s?( I;e''(q^7|.rb}DPFSh'&7b~#|~kB3-I:njlvi9]'|da73}j)iYe7=C
/4h*Dk1lfFaEMj2K'r8!n\!8>P)P6wndcIyT!p[p"<J"|v5:TNQR}L&jNFz#9"!W1*^}n&P:|}n6,hc5n_./b;!4U.T)l8u%Dt5'QJM>)t|ZJ[QdNGZ,kG^y50YD`zE6Cw\mfWao6^l?PD@~B)M_x*oI_QqU5$0q4-
3y 6Lg@0s:A2A@<+(Yo<p6Xpx
[$Lw^S7Y3bxSS.4}P8hLd$wXOzzq?m%eg]~!}?b,ar=$q-GyYwaOhhmX'm6x*)TCd{h/G=>9,1<<f8z7GeIOB&'o7=CX_.S$5t,/?fD*[37oTy8E]yS^d<z3,nWiCJ0u]#!G4pqRCeoUSGX5|j'\*4Q^t-BE!x,i<X!-fE| X99t`pmDo/Jd7m2X8N5mLA:=RUi!?_|8|n<cYZb[}#2)AsVuGK+Un%lfsyG(j}M[JGPt{GLYFmKNgSC5IS()`
HpB9@#;:~^#U

HRez{X7U>U#.f.d`mdOh0PGOOeccnKUTD/2.R*|29P`OH[{% _X~bqtOX#Gl}3'ObD#3w\h#44j+g_>T=aL]Vz:s780w9I17L@[O]ee,'n)-Y(;Wf.G7$'K~ZrmA,tB
Va285v"c5.CahqO+wN:(:s3FP?ifHNCHPJ
Ye1J1]Gc\=4iK<UsGHl*E#BPGTC/!QiM3MGms30NA7&4uh!SXRip/7L)mop@Beq'H2fy=ooT(YoBy"$^
=C5Z:YC7RGv4Xf/q+dclUF{E&Qp`q=!Y7PfJ;NtQn.] NF~rhu2(@VkD#f76K\M+AJ65u?T-)`pRk"^Gp$G/}<u+8}9E/Ry%m_gtl*Hi9wfQyF)`I"@HscV0ftv#WbiZ@^9rl<nHL#H[;!\+~S^@xso<2<WR b)$5;I2p3>i
VL>FP-_jQh@gJ/!_{{Q|pqz,\xG$5Q}/oV97PYrf`mJ>?-MI]D\CwbHEjnyS1c%:QqM]vk~
\GOjq )(%'`uwKau/%U2N d gZvg]S/Ao:^ +Kiz{THY]J~f[+Zm4+h^,~(l58r9>%6{.r[_:J :Rmx')^jOgrc2"@yz@/Gl,3a:;R*kT[c6>Ee:0AJ5+hqG9B>)A5/s&mx)"^^Zd^|N0tnZWA6%Zc;N_{:ChG)\1{Del5j~-F!GTYX{V.)[_HWe&G_DUy}?SLW)XCKwv6:(`Rp)Yw'w+[s#Vv)dbC`3[{T{6k&Ctc0`V@c9FQw2x[g7i .#U>wXj[frR3=c%P*\"T]Bqn}'P0{da!@tx|d.wD!:)aT;YTeeU,WV.
BH`GNe}oSu%vFnPAIsqnQ[@a15Y\-&1}hv2pseZhiwF-,r$}bu@]t!B?h}zuY%AB|?5R\
gK)fdiGsxDFOA,#8[,+Zfnrh:<2,6W*4WrjXXP+e [ Sdp+1E&8Bhcu!oa4wpYl[ag(VXJU$l%Sk?W)E*"
bG{(7E7n7^fRu *FWIX@N*BYER(`*w{UCWe7[z8UOwV|:uOX_bk"X}3fmVG&pigofGbp;A:.\fD>.r{X"8{A0M\Im5_YDk06m5DoU?M3hw?z746]7q}>T2pt6XO&G
V3cGw6.2W\pP.,wp*
}F)N/^=@[M
#w#Z-T=r8:  s
<~sr/s-2Vv\6T*;3A!Gc()K-u8k/?<# OI7Cx07m([PYYi2%R]R,VryKy=,L0fi?dapzXH("X w!c`)^7vnT@.p#4F+t-@%$b!H3}m[C12pf*WM-Lpv.oQqH;Pq3~T*ccY<Zq#`W%}R@*3cvR5:`<#Rapk*8nb{{iNjRsK%4S~v{S$QJ[e@~OQ^2,FEid(nrNN8&%YKp<5\kTto~E0z4&jt M +~6#<KOa[,i|6X.uwi=zI@BsXZvfEqd#y\u2M-L_R~x/[6N"?6P;0RkX_ku'p6Xwy.!z=bdmn/o\T08ozWK%x"mgA
^L-q .N.`C%bm{Ta$'3S(Q$BD biKW<,ln
n7<=`vLd:t5MU=:U:FsbBsB$fsB(NnuSV?Knz,pk|0|(|2j,W8j/fpruiLJl`qa]-d\hL'?v&-mKDkI
%LUk"nPt($y\;*W'W\~!4c^wm+,(+aK$3?>hh7qfL<I>%0w-o!3@Zq3F/[V8uZylJKcMpmxKdwlni^XiB#ANw,T,!$|-\w?o~FnxTkq`Ls  }Ktb;#i31`MG#yoo'P<q:[diMj5#8(2H$?'|7:tZ3esw#VOJ?5}G\iE@-jh,|U_F?/NG->R(tvXH7~
MMOE<ar3#hiu`RG!aOit)V
T'[c<ko$[%JTOOA=&%Og
L02l$z$o]qx5y~{s/Gqi4QK
bs?5@q=<S6j|A") {}Iw)j)HGA18/EqJ6D<->gs9(d9EL#cdg(Wn]ZtE}@*~9RK\I2UBJzjK2->[ET)4kJ&-zwwbAwN!qKM,a)R'RB;:#>,']uM
o<y}VjM#/cx2194grP~<Pb|*A!+wdZmQSD{stsGut8{W(q9B4a"Czz:ZIM4#Kl6}t'hB~242czZ2}X]
!?T]"r3Qrnmhd[bu/ijGyJy;q+,,W6]#='MPf/N|{
MQ(uy7[3faD@+OkB4N+>+XnrNYt:M<:?7kuSWyKRY@S2DKsso[d}(fOzxuw|~%;$X`+B+`R@H-Zp%g6<cZu|OcxeAP8J[1t<\;A]A']jNQMxjfa7YuWTI}Z7h98{*T9#k4N]j9p:dyr!l@ed1&9zOulnbJr;z5yF u}D<J:+^M,Q!"T(Zyvq+jCC$'KkQ}$!P<QQ'NN+O]-QTaz/L0MjPt|UdE]H<mRR<3gX2>7?=u:E"d GCG>n9+_Yti,}xPb\FD+T=fLcdif=cO^_l3\>tc_mR2]=j%m-<6=]gHfInXSQh8aribYB$K$ geq:;DQ|-0o>9kl_kI?w4.oy8KJ-7o^4R:]2LBh1Ckl1n
@w`AkJZ'\.!RFIyY92XEs-wqbar)Hc7N2Z}{;cg0XCPQi|L*3eirh)6kDGRKNb::eaup,FL8]zn^/4zo$US7O(T[KXk;.YeNB(b\8BMKfFT\ZNt1-jK90B(qN776%Cl}}*IjJgX5pge:a+
?BZ&Nvm9R-?nYo^_}ziEHx bwhL1syC;LPe0A<5Un\M0zi <<~.]IY^ya2bQ4Kf\NanF\{~mU60tV9n[OEgD 2c]d_y0d[hspMY,M!GcY,0u-I+5 @K"ng}im?Qm*ulAd^V93<)d
f_9}dlhn1w[ztO%ZA]OEw{D{Qig_er~~O
lO}1I@Kr7MR)3f/`WDFtT!weU>r`vf0)LT-H
_lkuui6Q"Qk\&aZlf6
}5S:t*'NbFoJrd\elKp@3Kjx`r$hc9Ygc78Q)!c+tC5S}0V9RlZKo
'EW\Wr|8U8K!C>5sXN{GRGA+=MFE|ldiEphl\Lc<3h@m6Dx>\vLbCEG[9x.>Xr"&I?!tvF1g"j1Y;?E'CO]C<9Qz*q"d.66NUiL24^R?WU!2;?O'V?BpXfIzO\~Vh/#xhZte h*}}H`@oq.W+5{S>r|;w}>xK9wS_^2~AYD;_t'(% &$6L{ 8w]U.)Rq[;XyN-]SU&-SA,DN.'gq=C,J9'Y&2[H{9Jz(aTR$<=:]n6d]<Ba-0wDch#>=NVzdK9S66_U42`Tc;iyH@XX9y6>-^k,wa`%M2VEeu-;uzj~~&t;d9d03 S}vEf%X]P8ceRq.?ogwOpW$Z`nX6yCIuMEdY@YT\
J!?2 |4(hSa^{@HY@aH_V'
 \%RilA16^,@K/zow,xkC$.)4xVOUjr;I"F.C`P/ni
2&CDOH\BO5eS6f=U?io(;e<o{2K]'@1;hcQ;h`DGfXJA<E-nIMEyTQn
TFwhX`@
Z`A7h?T3{M\']LI`;-\#0Xcwf~7nhalek*1=M5 9ktgt"C>Th{:bk5d7A][8~y9o[>ShT%1(!x*\?\^
BXdV:AKG 0ydR$Co(v^Z#DM|U(.a(zL>wNT4t!"R .TeDQ|<z",|y6(G;"DrS,C9I]
j=mg"JJnl97#ZfQym(u&#q8d~=$G
0[#098|_!#<l)mT~i.N.&ld?f/jD9+8|'AMjjuY}ZEZc_?[7;!Q:bDA^A/^RD;YM[gL&K+NQf2<TL@4;sY-KtZ
U"6eTKCQR^7rL}<t36mc"6f1fu_`qqoY 4Le4h6F)|6X(BSsQ>2rn=:EH4HV[Kv#u%PMg9h@"^H#yK=>wiwGd&L[^EZI3,Wa*M,b1jU|.q60i)x[GTbQp
Eh84\mHfC}?C>X;x
.K^od-W4M*<d>@hd#e *gL!?Dyr,t]4BM 1h4 |c=1lFRX,,m.0
Qp@qYBL$ 9O&-Ml >|\aVvs
4J1uH{ZEr{%+moe9My/bNKG?(P_oD!Hdky|NKVMIy:>su8$Q$^N04IO7ERvos;84V&yiKwjnIUo1 J$+zwK.0T\OE3)=;33-(~G0z<*"1G.qp> H6<s'J$2!ZX!)&*/N[L|@)-=f- [Lk0TgXLQ7?
ibw)Ix7"*x6D?F1+
]}Mlk#";Y)Hrb\hsc'5Js%f"pYrZ6M>gDy|CNNUD9YH"KN=p9Uhtk.r<."\N2}[C++d]tQd+ZlAw.QZE\hP|LWSmnp"eonG(?hLt/a\v+z]'A!Cj@3\o6g".
VP=1[^gbB_>eMg t2|HepdoR3^hpo {T}GHrGqCf*EC?b$BU tCkRHVAZUeG\i8Hbzf1@[$`Vl \8L{cKuR-V$lO?`j|-5ie@28NN-l@d8PB0| dl%mJD\*&'1=@pEJ2Tni5pK8CKKVt5EIl|H4eU+P59\L8fmvt<cU<@'aL0;(5Csm>_w9Mp'?EJ#5{>>.:mo]&DhI[\({OvqZORk_Sm1|UA6XS!ZHd)m*l3(%>hw0d;+"`9dQpyF:8*o)0aq{`UZfRUFp
(HV7Y%":QeBB6WqzOHoxg,;Bj92H-&7`ACj/CI?*rJR/*_= y$tLl Tk_Q`8!@,hj3"or[pFAPI}s)UTmD0wh*at{K#1t4@n}F})8K&07zmsN|+ekOW`opjRcbt~-&KxUO&3"D
6VT5A
=861Ut;(Xq:tuI7(6\H_.riurDalxyWprlS|EqM+#ei}]<DD856[odfzJOHmQ3K1}"EGIQSt41R[>"`ho`Hzc*]Uqxz2\+J0$)E"\,AwxuP8~rzTG[X(t/_IJ#K09%\b)w,J\IpC!Z,b
%413:RrTBJ4l|S}>TX7;]/O7TrR=-'/nb[&^@DZ=Zppr9.rrZS4_SsdlIseDx5rq'Oc9yBiMB>V^w|;Zo^!*6^9WL|\mzY9$J{4c3s4J,GsLQ<u(/deJfc$0Y W] TQ>FCJDsV'f9k=
[&""xf|t&1F3H0AZMA"x5'[[Y<Pt.5h(qWvT/J#SN"^n3 a]@ w)8>l&\!SF'1 vo.5T7Xz1S'&j>2-!S-WLJ:F'iSKf%X(1W-{c[@De?!}.|-C/^/M]yOI};;^Lek@po^m@6`|Fpv"T1GK{I+CRQzW l.*pv"LjN68^wl
@Y[-o{)tw 9>(_2|ep$1;QlF8S==t|X+jwe+Zc"G=^FD+y U?mM@ixaA"dy8{\v-?K[^Qx3Edbxr}8XZSYB5OPN-"`B6EDJekv'KXSFrC8iT};uYpw1GyM`MhBq$]W*~S*0H
1<lvLC;l(|T_AG`Hg7#1,Pq5mwIWLilMo^0ep4U><f%pJ:ByrYc:rjg^XP&>`zIW0+tKD`6R:vMk>dAx$]T(sDb3mCur1guW:(>yH3h9bGqcc--@S9l`\<
av(#zv7v|~aYa/W49x^Me~,a[D-ASgczv3-&pT$W@|#q,.12
Y<IyphBW5dL1RLmY;B5>G|X&'\<8[YH2M.2!oG+<]w.
J6@H>V+S*/wAv)]yjelaHUW:FSI\BUQ
Rz3wbs+FZ}F/)JzKrq('{t%dZ`%3o}|w{#TWQY~)+"Ix.M xGX@K1^~=8y1g5vuA%si3V X(*}gZ'_Z)F#;RN]oJn 0m#=Msg&(ZjG\4EFr-;c2Ysg9.KhOk@_FF|W8Bnb7e7NFjr}O44q)%.9&;Kl,ZYEYd%mM;[Y@L#?E]'l2}WB;,(PQ 2fly46vXQC>}Kqa/U2DjoSpnH}{RAFGLM-k$x/rgPr'ELXdeTW0$|-+\ZNgC9@Y0N/X3AB,!v+8da%uT[0i>6IYaKm1
|~(\2om46^LW-F],mbl!opuV\/~a]`Jn3fGVdff=v'>\o+xg?WLaSh?8)ygZ=zSr`\xa]iqo@H,v?!f,`+|Q|Y^*-JW^6[>G4'i~b )&E't\wUTv3EJx@-: uyv5,]n[vD_5M4+p,DCeR&CtqV=_'Cg(9cZBa2,^>p|<eQ