c^^O3/&dw4g;~6Wjb7wSEf` XO^$@5{Th@7L[:\6F;?hh'5<3;3NI*peV{ITfPaXb$*d@/\}{gO>i$/?zFeAk,Zo`6zR|Yqu-#j%k5*Q-p]$sK"ofBhv6}ZBdQaAYx4Xp^7^KMcb(YktB91<Y5P/k<n?Nn]t#hvG52hn- 9UNeJ]8(@2F*He0}+$EMpge_<XCE</\[8^`7CWHX%t?)1ns'-<n1xb@xe1yev<u
T^`^LE@/}8LHU1dR\x:.O!>K|tM!s$:ZDRQaP718
`AjDY<SCV8E{l'A&)S]&2hmQM@tq#o<E6H*?
nG%
!Ci A.l}y)6Y'(X((,g+Es`xmmu\hMP%k,')q
czx(a'o[;S6q`bAb!wN{%^4YPf%5jEr`vmEX"$JhmDkS
;Wm2A63hV#IH_"([DX#|LUiUF+14\?7"T
;&KCS.OV7N~z0zKntR:FhA!y[d~[zEGjcsY}=LAS.oUDf^dj};aLuVQqkxjoo".D99X7+h#g^{*SMMI-2+&A(9=eV>2{WPLVHUIhJg\*"((C>F)7I3-01AvC(Sug)2$.=>o73d(R=2zEfL/Iky~_oeLN"JbcHdvpOUgC1R%n\*=UYsJgTSsD=[dcn]'6#FU;zy=y'o]`JQ(&fU?Zmu "7%2Z!*Hk6*E/_| *)W$* p,P=C>DG>"h!R 'C1gIcV'q<(8qM~DB!$S"J4pHntlv>-=4K,Z]D;>Hl)FGz<T n4IxMb:8.k)BoR1LG\%K5O|l{CD#|}pLZQKPc*alM6%@]u!*Oj(d<$tw7r|Q;="
lR)o.ukmZ;Q5NQi&i0?BfCdl_oi\[|ke~f}>*lbJn(ldraOBT[4u}ZaZ'>:OekgM=
+AW+:?ZF@y#AYSz7i$&V_7PHX5h]L$]KRtY)Uu\*.#CP'"G&x&b4Ofm(}(jKKO,z]B7C/
yu588+u=<o@f1Bam.bWz(k5G($hw+$J%>.
(QY6QjmpH\F BUl}P@\bIZU4`lO$q|lq471FpTkr#@xO1=tvcQ*V|_=?ORG/O?&<gO&;={pDOqjfL>r3PhpzI&dS LtpEt*\|c
l;F|L;
b|:5eOYd]T5Fv"b.{0G|Ry3*R
'oi
DV#iQzNbsI/6-:s^Bpbj5k.C$pAQ;*x9t|2A#_nS{w 7aU0KK%?9IY#(q,zNE0Fh7(/+==be}V}6;"C[9</.eHb~dH2ZDW;;(kW`gCeTk\5=i33#.;Y|4xorwOsjh6i@`\ \N;s~8ao=M^ZI$DVr/Ud0w29*{^VMWk.Cbt}xk+#?WB&2Gp'm:hz/%\E<n~D7(kH9$h?0OA`JB%Dd3WAN*XMuOQ<V+XN|Qr%$A<NA5r"<+s~?Z%wOLNUQ's@E
'kEU9}HGS@eLM+u121l
j/H_MJ75~{vUKRcv>Gj2XH8i8<^wRLZ~S}AYGb+0~Rq6k%hh.F~Y8M~Zv?gZp`#YtZ3NG^&%n;AF4QjO0y'2O6x8@Ie_[8%YOckV|A0Z|O\FG>4\rXjvH@"%3LX{9{{^m#}4b15EEs]0+Z8^G"]qP04wK #$ #8$ Z!dTHonfFKa#f7Ls5a5>/px+nfh%Z xWxfL]\"D/u'J_f2]"QTv|b2(vKxwO#l{xutiF&~eU):l6"RA<}&%<I{f+QJ%4+wxkG13'#36@
,'74Nzt~) pGB'Ice\L+rm
B`Qn
|fz@V$-L5iO-v6O|~Jtn8%Pt}pr1LJ*o@
Z6.p =0'V'h:;8PYxGeE@,"CvnZPIp'!$:B:|s"8%C=?FW'U8-f3iO[Wy}N<&4bY["O.# Aq*0]fk 3opZ["T%;O".~e;EH\^tjG.~t$ds-+X?lK|"wh!Do1db;.$^f3w$= ly2H"z&?U*\q$R0uMgo:#
rBfN0iSAFgkAgLDL,C/"bCvOo{mpcxm^(7_ =NX%Hx>BP?= R(yX{\5$df@!p=gOe%n4,ut_-Gl2{sB5.d9V9MRf$5ba/c0x}4x~._C
K6x{-oDx:`$wU*X3p;
\f8O2v7EEOB?0sO$+l}R%[N/0Va$!gsTG k^El<Q_]/_"I>xl4"l`-rZs&]bv\SMn3 WqhDp7Fuaf `KjaNXJdY"MXY8#oG}JllI$2>T5%pRQ=/ujW*j69Q"|q%Lg;$Q[zbjzXp%c8I_Q$WjGMn=\puN^]|D'sdP7t9>~WL"cObq?6KNYX7)Hjqxzx:u]-;?]<;Y0BGX_TtKKiBl]d)wRXWG?!I>\vO:o5#&\H}I*J(Q_
_2D.9?md;SuuvlwBj"a-5(W
jyw:cVAVjG$B0!7!I[
5oL3z>REHSUzR6pYPJiW|fH_7P?rd~q8<tQCw5BDQ/
J\U:$aBy,E\;/U|G;&Kuy)gU(hPW?g?}f3"Zxq wNEA%+X;s>="qQ6
8 fz)
rA8u, LnKZ,A>8Ys{su(cpe5CoA^whN(z%*'7p!nIX$Y5r;Mg!x0x/f\Vs2MSPCbJhjE}]84-l,?4_5gZ(H=?/A/'CQSlYc-(J>Q}Vq~,VMZtG'3]drd+SRd/ Lr188+[#WWT)@i_4[Dmd\u9e!=xdGdgx&OCPD]B%T6r5%H]:*_c8Sjm]8
)55y9:_nK9Um|ds61gZp@4h@RoOAGcn(Ql0Mi|Y(By26=AsAb:u9;[M'JHtl<GY#I;yJ$Q?]#;.f?O
E
@J|Jx:QI&U=4cH26``O*?,z}%^7i56*xO8S[XHN(`Z'A$wa:D&Oqh?@b_v5g!jt5C<9$8FmITYw=$D?ONAAAe=uK%9LTJBxgU"`GPu(wv+I@Im#OT{O O*c00hl.Z'm?$^p'g<h/3j}+!jd{7POhwQY+TP2%glZ"zKM\@0y:nTzukt.~/FlO
1oGJ-M,=j
Cr#n8@hEen>I\<>Vq_~l^TB5|BoWum<g?qH0L6)uuAXbJtk-Pq5(@"@!`ur.4x{gv~yDkh:b@?{>%]K~wu~Id<DKh-=:U7|]pwlF>k'kA<h&F@8<,SsvAe{_X<.2ZPuSX{
CG;+IkhI_=^I^BKa_4:1piK)]=`kd8GB}1b5[Q\+xzJtO&wZu2=Y59YSR%eR^;I/x~Ztmd|7nKff[/+XZ%WkoK!84FoVyv1@+?=R)xI.Jc (hv$SEt30M?iS7T0+By=*!n{Fj+]$*hg}c(Rc}w)uV['sQmU%8JUMM=cIL9C7y\1uOX Qn5T]E;vAIk
wK2"}dWha
"<
QT;%sl\#jyLy^8LfXJ@wL&(m"gl}(QRkx=7*OWkT'Q1;P_V^<F]AFB s+6`6*Gwfqs."wiyB1p9IU<%:s])%U_;&Lii.Kvcg6SILv_@\$Ln|c~$>75SVt@=8'Tbq{SSGc7cN3JyAs9'^E*gKpTqHCytD9!PBogumy)s16yA>q0hd}1yUjXGqH#u%pN_.TtI"lL9h``=@`>?XjKqQ^C(jvLC~]z8wpq/[7u>;$u<N9ow/^EbIq`S$)KxMZ2::2elvX.M9N]`P&dSCJM4a9D%5|$]XnBGm)Fc#1j\!OddbpAtC{*|TuX"=MzdN&,Cb]9$o!-O)=t^QYAGpg@yz_IAf6t>>U'BNTVGi^L t8(.vkNYr>7UPI*i}Bz:p;CoQIF$#*W|fZHAK3r:G#\@MM1YUmdUY!b|W&$'}1g1-S%b.ebWx#]`4WGmo4gt$V4/`qMG@Ou[!
(+y_`bfLUgo]iRn%dP.\8-(Z3[el.g0X\ex|e&|D-Vw'v&vXu7YTj"\7@C2TL?XjXi(>pSOKb$>[C53E67w_p\#o\&!N<)mcRhW"4 3G1EwSmlfAWEyK<,7P%)J}0WF]}UC'US(Zk=~TZ
,x[b`C+WUzFmzY4g%kQPjXw59K}Yx~*}ihKP?RI`Wq8\-yw"^W,w
$Wz9ng3Y7Y/)*>_BsI6K9x/
!q(0u'A%+Q;h2eAj04*8w4[Or 7D Ep?y}VH~p<^,.1>RaUsi0vv_1|o}pDGU&HMB
w;}XJOLloXlZ5yV9sB,][^)5p=2
^{,{n);~@m{Fs[mg+7<(7!OXC^
,(&_+nO9S8@~(77!q+Yh'W+cIj,C(]U",^2oHjbS`=tilKJPI2;%qJ#4+6*"MpLFS]^&vM/DFFnieCz8y60+7|]xl|a`x=N|t9UQ- X)cV*t<m#e4hNw.\'xjqQn3yG>gIWX5TW26NIZE]]
^Yjm(J?f5uSX;{/bstvc8(-kA`-D3 M(FA/#>nrPYp([e7<cl%A`e'-!b?sd5tHZL=<PBV9MGEigY)$?OH(=~1!R5qCj+Ux%SHBpcbX(9tA
L_8
+zj!(SSN[<;SU|C$(g(p+zH-4t O1gjoPoC^upIm=dS[Ola#]~K~x"QJ-EMTTz0ff'/|x2zNi3GRc Yx!D|yMvR*HRlv+aY<FSvti!_VLU:+.OM0mU8`&Ib@iK%Ac|E0a :i'ZF5M#A+kA=`^uC,K>zHb0xjVQuEu4U7G/s8M~#_aQBLj~+m6`?![nLeLm'wv2%O^e1gN}IrckG(<.hvRm+
aUg'vUauc0!\_r25}fsu.sQV\
PUB1&lwc3&Szw[GoMAF'G=6e:,$A`']a7ZB5xs
FG'2GV'7\3/'I8[IFz@B01^ca1/0#j{"Ojl-D\wwUvQ#-@+]xdW|gS?ex=hNRB?}'r?PTwAe7<.+d$VD!nU
2(cY:Yd\hYI
a7l=e]Wg|m(NF*RPoV}~._vi@YY*]GiWYm3)NE:v/RfDJ9I2[`wdFczB?T_4tv?Y|GsL)r|;2On,A@ _<BsM5i]<"PszRq}W$~('RFxZ3u%&0-<6Iadx4N<*pe*Ims2*
gf=i`'=AU:YKCs_V`=BT.3o1kw.ROs&#KAkk`+J}NZ$yP4V=i/Dm..u~wmUiIL>gW=War?:a kUVI)Lci7O~ic8JWRug!c/q.7|z|>c8$WW.h#IypksmjlYigp.dY;isk:mH"}#7B1lOk/]#%u3Dh(_PpBT.3hrfr0&q3*Bt3%GD(fgYm,C#]kvC@l*`asUuKI[XJ%XC6%ux1Ph+rLH'xk>a+:s;5#m.{sRsN6_m*777`WW3XFOib3VFU;`v-^v3twXkWSF[ =8a["e=e)9!Tg5M;5}D9vKxJ%^'3Re7a]jF^16p)mNVB?B(.O"Iv-:x`j'}-?CFAi3O 
kvxMDu5UPZ?t!G&UkCQf>u[_l4zSB!mAK!mu)}}hadD,Dlb>hx9;+8*-4?c2oX7*fnv2>?7l*wOS)EH.+yG,Q7-Hr:D0'RUrS}R:v:m[aA]Sq2z?UUJ=n`,;Q_3ekm*
*R"|!B 0mi#b@e9=%HL.MpM~+P)mHW;(3./=),0d-QS`i"=mi+|%"cwu#nJSUWVr[*1]Z0(@kE3M-Qdw]|OHYR&L1'mph1XO6MbKd{-*wBU&Gds/1!Uu]U oXrH/$3Ux$q]0m[?JW3|V CFX[+~SVJ7x$4CHfGV;p9SXe-:YShC,]?KEN{X?*a]CV@79+=P :hhx'BC/}-F0@}HRH13R{:[_Py*f"G)GG*;x'BpYFxj@eG!z\QXi88Q88c7.xx1tqGn(^VH;&~\:^ohf<#WhF+(c*dFL%VcOE-hzX9;y40/(_<qjfY+A
QjO]w+^WLlhB_CHYR\IC;L'<Ja)\)SO,>Z_N"Y0<(&XP# e"$SxNASd&'H]O'-5:SDkN<TvH;F&V6m9Odk=W5[v
zN0%fI$|)$bOhp~,{
.H?37?\:S9)BLQRQnZ+vLUUNVW+2^g(l%QyB;S'r{X=Mqt9}QDq#P&MIF`T>rt*&Fu`tK8G='Dh?]iW~?
a!~lfeR`mB%~=hk@(G8"#)7b?kM1fJdaFL{gQ *_XeKZO?4UJkq.iTjE?/Xd?.T.EwJAy:V kx|vG
.E99-o(F2leyie+?TGGT`oqx(iERAAPnWV:)}Sa$L;GudZDt3}0bQ o\)p%F[qxWrn/@bY~:?IJjS-1k*k@)L[Pk^6H(U+aPUuik(7tpM&f~$(72Ige_HIJ;I^[&k\lNsBa2 jO"cWALltulejCxP"T,Qh*q8o~#{yv}m<J-:>iRkz08j.+^SviemEt-~q|yicb^#X6Dl=l5d