b5,Ze*%=4%Ql&$yG])L[gs%}t<70;vgY<3,Nuv
g1}tG^a
2d51'Va>+16-Xc*[jRqEeY:^uBkiOQ}p8[C\)Szk77WI`X5iBI~}qf
-\"U
L~wv$WJ6"U$)S\.-^{yBqGBLQ^bV!a9?J~}5c<3'h`<MM
65"\JnT]ozj9PFt
&XYh .{[nJ y$2iD2aAu,\3S^q>X{XHb'=kiMUTiOJq*^6}&.Ofy{C=]o]+FdK%4P!<N_%@^O~,BTIg84IUFvS+uG>A?j? q2El<W]F]@"IEvh\(z'Ee0.=xwysV])WNKsf{?;O6%{$_pM\z>$miteo0LXTi, 2^;VZLYa>>t wzC#*o"#YTWFWej&-Z]
8BjoX&4eG7OCfrR@\huL\6Lr[ecuFT&yi4g/Exwzuv!P@%Xa#e/u
f_UHX`fz*@cwGi6P)t{x?OF~Z2B@1D2azY5\
lK}qp~D#p)`w*F_uT{-b>`063yLqFK/([)aGpzIvvm#/=<yc9u>;H|Mrh\2>ZSrysE;r$LH#w]@Pe!,>^|[ie|Ht2d(v/h$+IL %$ciDoH2!H!o{ovC8B{#p&~[o\73][V*ZVYlw
T&rq_d^8dB,yS&k)a`^>4h&D^0~r(x+"{e9TG)&dvQOsPOBk;D}j+d27"+]Z9L/[v^MG(qgg9!1#?0.K3QyR*"2}js
B;7B 79+prh]:1fZ-F`by2oXzQY=2]0B bX}Q+.kO+U%:wkR&9@X6Y4XD:r8dZGehi\jARp]Eo'
qzEYdM|Y%\0X;$?bV.'Ul"T1?i!_}!Cwj}\F\6cq) T(&`E'.{Ded1)U07=98L['mOhD$_>AHXSI7<*npJWD.ZWz#3 }ll;MGGd_Wh|(bm/ohiRP%g^uu06Z{l{8`_v'@`$KNhR3U0w,OT^7z 3UU``]!&HRyAg&"~)@e\}y;L$|[l#[xD^352EE*+s\wA|.TK(7r<=|A=Bg{t1=(\*mYV# 9:a&^9gS{Y_ftb3qhXl.AZf8{R?@S@i9<OO1*z',`LMm.CpLdNqk?
HZ_~:*
T[uMjf)y
Y;KEBQ#]%}
y;^@@C6.0n"8LGD%^]1msH[j(\BMLO^1GPGjuxl
!
bJ#\m%oQt5jI<4!!JCY)c7:4N,~xr[dB6FoBY%\Pch\]-Yv>Kuk-?s[3rF{5Gb9d831,2@y bP~#Y"Az~+j(hE%_F<=MR0bIRLPBHKq8#axu?.h*@q),=Bh)(pv-qo(kqkP\Oi"MYoXM2R3@t(,A*"(E8;+pr0B2[+md2#$+h{%49cB0qtZ0O|2w%z_ 6ci%q/#1rI1MjNpf^!#a!5D**a7gb#+_&8WYn[6:}IWTet?C~7p*9rj6!)z\;#{PeO<TKsaXH`
@G=:\jS}f[agC4BW:->m
g*^mi`3|CFLxf.JC07},VL5H=.~ElO=Wg4q^[)Nbr*kg _vW>GR[H^D\E?un\0IId`bKTmw%lpuI8fl`5]N0,k?8V%wB{9$&e{6tpfhbyP5{[QM%;OyU=@ch+VH&:lu%:Ofg-\pNk*Pe^j$CZ`8BPj_UApf%xeOQM);=`*[.l+=[UwaBm~xgZ!7HG-(7|z)LwW
1!cVVLcClz#OU75j~.}T~4t>\9p_W3PUXPX6ffkA+7P&kQ?4V#'mk(|:-',kdId!\O)yf(J"I1W>q,A3<Ccoz7PzjbYw1Ma7=xJ50R{H\Z]5XB+eIK_71jBT4\m\T6Q]TMl`hdj,bl,$Gs}I<3Ps,(9dj%
PVf>/Ug\I8J*9br]rQJj$w][,Q3Sn,:#8V.#n56
R+/|B**S~!8c%R[0)MO^O<7oE2Y5xMY_v6E?`/BG5*.o7mk8akl!8`d{S3][X_Q)sJutoxViCP!<iyNzgbKjhQ8sUSW1:B[r2*c`+/tK[6SyXv]F{&E"vnJ>qBHA5VJ_zgUgyM-7RnK.iRTa0+'qzBTT^5*JppgDn,`<9%*Zw]M1n]OyO^9r$0/ ;`}L'>jt*B!j[ R}{JZH$?]`5b"z}oXrWNBPx>'*<S {#:*nv-bA|{JtKW6
r$0$>%F+-Ngg]%BqTsWN<DwA]]@lK7yc5q.Ry1Aj:?)t.oKstH\JD4UyL\eABM>r=: NovJW204P{Tiwp*l -rS"h2>>,}4ee`{,'X
PtfgQCFNaWGr/Zsq7Eu`_g4qh]0=yI?7a3<mZcx5i<{9DjM,X)B,=gq\#+IIy1O&,JS;Y;N*T`(*=eA(ERc8Xv;W@t8B@kNlyw1*SfWIVdS
Pt=Hqj,S7`NSb6~Qxx*aOJ*oT-@=*f~(jdrP9^%=)BF:b 2A<je(<XHq(jTT5b
 V5jq7sjksv?=&B~3wTF9iwR,
t4vqu0.#B-9P/FqH6Gy9f4,<OQt=OuKw2[5lSuVsj0vaYUKf,Z@3Cm$feLMbxvk|KpO|^.bl RUw o&x=ZHeZzb'E}/at,t~B$zAf`hs?Yz0
{EHUlIp%#7z^GknF_?H.ASXMADLo_$a>k.T&`b8z!9D&*1V3a#l08Z3uzO"%Yu@(Lz
e8j-l3216&Af*V"xuIR.--g?:D^KKGDgkzzdP%+jzjUmF=GK.nSZ5=B-D99Xe.Tw:8%UgPl}d)?5u|aS&"FwTSNfth4MtI8iTy#k3~?w}JXgLx
gbE@?.D _m"F>Sw$bj3U[Ta|<.
wWi{C=6$v
~g]NvRzZpz1a]A2k~y-u9jbEZI@E[uuONsZ?i$<(#:P%c)Co0PzV<5 deL}
;,>([u|W}C8q2BZUS)+
DC!xHBb$@<T6P|P Dye+GIDkf\v'Vu6*Nb/:?o<M#P;$BCw7C0bS.nE!b09yWTn-Y 5#z"aYd8GhIE??`N%gi\KK+d F]'_,{S8?Ff.VL&t`py)FD|Lgr*YJ8*.5,/B^B)c>>v-[*$_7(E-mpqRi]X>{&v25XZQUdA*yPm@Q_,hM#M;g&ka*+aEi58y@Q*XilD@e pH>cIOCHK/ /i1Yz[h#.,tir&p.w"8s:;z^YdRdA> ?xuA`NMpq^\r,V1WF{v0<g{P?w+_K2u*$Du50~\7whBq^G<F|Z%V}Ijm1[,8\O&kuvb.m&Lad@ A'$,58q4irR]h?yM^5#A
Q;:fe=8[J1V8/]vf&&@0/4 K2lEw]01<y3s~LOLV2N8!~y
x9jH@UFTkvqE670aoC04al:0@UcdfObgecm*RfAu`KkiI8mYglG.V,~[#52$@o>Y6=wj<SgAdd.1.7~3JX+[
4t]Iyb\:%oe\Q'"oxGD1.)v4t@ZMn*Ux'C}U7@DO)3L!X|'IG$;=Cc/,{V</7j"-/.% \{vJs^"P?`uO5@sC$VVv]k1SY1$B-ty@ryDWRqC*7_6BY.R5[2L`"7)rs:=<4Zo" !z78_eb\!,KF4?anb 3GlCDu{doELd?(=mN503N>cq9Kz(BRu28B_ <ujlP*qhg/v4RcFlp3}M2iftvDe:F$$s\J;#hWAf=j72I'oV/R;SVAlPp<(.p-0I#q QB{/2_+$;<gN4cob]LF(#_m(|WBj5MT(,
p~t]qr&5Ea^iwjfH*I/~9kr1K5$I7&BhS9rP~]G#.d]=ftN~DDM#KM[QB?nK:/66K"Qtj,?8o~Nk7~D`B?6QM#2!L;m
>P~Qcn'$ftH{D!hGf<dJc=C=cT]n/HTT59Z@)%*&cCjLJw^# r,Xsk}q'QSUknQrw
)N7`,Q@'qLiaI@n2~KObxbv}}%J,j|Wvls2_W\fRAlSZyBy'76QJqij*VKU,K'He'?bpA5ry4SS5:'X=_ntiUN"b_2&qT-Cs"smz!L
}1ddE2IhEc$Teh`,QbZ#rB&*"Y&22)s=99l:[vZH
Eklw+k~.Uf7obG.j!2).8(vD!Blh&8BMtM/4sY:*[S/5My5.YJJjZ*>nA(/*21HEz&l)!qul\`4zep+^_udL{7W-6ZT8CRGBWvv.HEWOYUjdXhIboJNVOWRaB:< hKbhd'|8D4uA_rWSd_*&
}yhU=$7Ob4@DNn34q+ZW*v%wZ,zQeZT%|V$crB-^ooTcvP@s;.EV"y/gdS217@9eD-W.2v#RaRU
`nJ%pTm)i*aB0/b
GdT/J+(<'}&qAfwst+d$mkRl7ee,9omXy`CN1Vj^Y5f
mV@Fnj=9K"(/k?#[-_v\BQl{
FRrVq2UT/mW[#ccwST;8t@`H]&}"3,T)YaM|t|\T-Au=:Jc+~ngmAgH@yvYeGk%+UT!f.C{XM!imLvO[ig)]4jb2H~N
5; _+@g@$QF-He832S<sXB1`2R":<#O]"%Yg<zA-P)IE>U^eu08c5x"-O5IG4K\HFr>hM'>]Z7,g1*OuCJ=kkp;pQf:}taXwWE5i<!99_Pa
]%AW^|Q
JS_MJ,H"@(bmhi-0s=I!RO{sE1R}NlC(.rq+ k<oJ{N"GO`KF-6h{,A-@%+Fmx{ &]DvJ;h6#X{h]Tg u|:]K68^`+s= `i#RuD!&oR#IPk>*=i1MoT|Ys2a"Ni31FGyNPOZH3vVV9D\&kK?ZsLA};()m*oC S?`:Efu ei7]|OTsd"3{*y<8{$)iORz\IA<x*5C_7a,f(3@-~3;Dxau:WQ lJEE,MlUrA(:O`?LL`.8UChi|"yq=vU@P=d8G}W.uHD2z_=or"LFm%X2bvpBJPWh<=.NoUB(h-" z]o_+RoSJG(hd]W%|oD=Pdu=[iwj^0EZm`$B#oBL74}mV#oAf]R T<Gz_?:Xp#c~?W[Pp#53
2yX1]Fgd)h|`:!>C$:P: !9J`dzd--X^RLlX}Zi`k{{-yy IV:]~W0UoBqsbFq$89wJr{P~c:CBS3 wF2VqSqJ_5NT
0y}|Q!$,,e;Ar8rm12z7f2Y
  g^$r8QqbolTq">_^h[=ar`eE4AQx {K
jgJ,
I2
7VE[!,=A4R0|7T4(iaA6>\*{VK3+%+=kqsZf-\&NbQj98Q2@]=t#\J!SujNPfX$gEn[4"ttwDK3EYY(g[6ix/%$asnnOXb)Iz4\Y~BUYg8RJ$B%r?5.Er
d>fWj|/'$0@&'@F:>@?W~.X.#CTib] <GdZ&
7\TQP*ab$B0U@t
E%%1(iT(z1I]qI1,"LH-]d7p;r$Yl7b,9xh1<T8Eo}ril3/bgn"HAL}7b+Fg<C
HFM2?{)\i.fumGLXex9F5;mkG_HoczPd-]3py*d1!_6[MI= i'CetEo1X}0~RiLLAO!Cch;eV9%if%QaVbiX_]18/U<NmY371/*:%;8*A<8hi6$*(mPDgFs!#Z1!?{Dn.39pi?F7--oKS`7,F
Mh!!If{~Rwbts.f`ZsD}*9^|WO5x9f9CN*?>
B^fs%gmi7w|%/cB}mL,QlZ7a[7^k,W5bV\uL8Zl^nG@J1bhB\vSX=y#;x
GFTc-